Using pre-set license
Built from '2020.3/staging' branch; Version is '2020.3.0f1 (c7b5465681fb) revision 13088070'; Using compiler version '192528614'; Build Type 'Release'
OS: 'Windows 10 Pro; OS build 19042.867; Version 2009; 64bit' Language: 'fr' Physical Memory: 32717 MB
BatchMode: 1, IsHumanControllingUs: 0, StartBugReporterOnCrash: 0, Is64bit: 1, IsPro: 0

 COMMAND LINE ARGUMENTS:
C:\Program Files\Unity\Hub\Editor\2020.3.0f1\Editor\Unity.exe
-adb2
-batchMode
-noUpm
-name
AssetImportWorker0
-projectPath
J:/LTS_Workplace/Quetzal
-logFile
Logs/AssetImportWorker0.log
-srvPort
52625
Successfully changed project path to: J:/LTS_Workplace/Quetzal
J:/LTS_Workplace/Quetzal
Using Asset Import Pipeline V2.
Refreshing native plugins compatible for Editor in 96.60 ms, found 0 plugins.
Preloading 0 native plugins for Editor in 0.00 ms.
Initialize engine version: 2020.3.0f1 (c7b5465681fb)
[Subsystems] Discovering subsystems at path C:/Program Files/Unity/Hub/Editor/2020.3.0f1/Editor/Data/Resources/UnitySubsystems
[Subsystems] Discovering subsystems at path J:/LTS_Workplace/Quetzal/Assets
GfxDevice: creating device client; threaded=0
Direct3D:
    Version:  Direct3D 11.0 [level 11.1]
    Renderer: NVIDIA GeForce RTX 3080 (ID=0x2206)
    Vendor:   
    VRAM:     10077 MB
    Driver:   27.21.14.6172
Initialize mono
Mono path[0] = 'C:/Program Files/Unity/Hub/Editor/2020.3.0f1/Editor/Data/Managed'
Mono path[1] = 'C:/Program Files/Unity/Hub/Editor/2020.3.0f1/Editor/Data/MonoBleedingEdge/lib/mono/unityjit'
Mono config path = 'C:/Program Files/Unity/Hub/Editor/2020.3.0f1/Editor/Data/MonoBleedingEdge/etc'
Using monoOptions --debugger-agent=transport=dt_socket,embedding=1,server=y,suspend=n,address=127.0.0.1:56388
Begin MonoManager ReloadAssembly
Registering precompiled unity dll's ...
Register platform support module: C:/Program Files/Unity/Hub/Editor/2020.3.0f1/Editor/Data/PlaybackEngines/WebGLSupport/UnityEditor.WebGL.Extensions.dll
Register platform support module: C:/Program Files/Unity/Hub/Editor/2020.3.0f1/Editor/Data/PlaybackEngines/WindowsStandaloneSupport/UnityEditor.WindowsStandalone.Extensions.dll
Registered in 0.002391 seconds.
Native extension for WindowsStandalone target not found
Native extension for WebGL target not found
Refreshing native plugins compatible for Editor in 103.87 ms, found 0 plugins.
Preloading 0 native plugins for Editor in 0.00 ms.
Invoked RoslynAnalysisRunner static constructor.
RoslynAnalysisRunner will not be running.
RoslynAnalysisRunner has terminated.
Mono: successfully reloaded assembly
- Completed reload, in  1.198 seconds
Platform modules already initialized, skipping
Registering precompiled user dll's ...
Registered in 0.002579 seconds.
Begin MonoManager ReloadAssembly
Native extension for WindowsStandalone target not found
Native extension for WebGL target not found
Refreshing native plugins compatible for Editor in 109.08 ms, found 0 plugins.
Preloading 0 native plugins for Editor in 0.00 ms.
Invoked RoslynAnalysisRunner static constructor.
RoslynAnalysisRunner will not be running.
RoslynAnalysisRunner has terminated.
Mono: successfully reloaded assembly
- Completed reload, in  2.211 seconds
Platform modules already initialized, skipping
========================================================================
Worker process is ready to serve import requests
Launched and connected shader compiler UnityShaderCompiler.exe after 0.13 seconds
Refreshing native plugins compatible for Editor in 1.10 ms, found 0 plugins.
Preloading 0 native plugins for Editor in 0.00 ms.
Unloading 4828 Unused Serialized files (Serialized files now loaded: 0)
System memory in use before: 314.1 MB.
System memory in use after: 311.6 MB.

Unloading 177 unused Assets to reduce memory usage. Loaded Objects now: 5253.
Total: 7.263600 ms (FindLiveObjects: 0.670700 ms CreateObjectMapping: 0.137000 ms MarkObjects: 4.498400 ms  DeleteObjects: 1.956100 ms)

========================================================================
Received Import Request.
  path: Assets/_Prefabs/Player.prefab
  artifactKey: Guid(6864ee4317e3e8e40897126cae55b906) Importer(815301076,1909f56bfc062723c751e8b465ee728b)
Start importing Assets/_Prefabs/Player.prefab using Guid(6864ee4317e3e8e40897126cae55b906) Importer(815301076,1909f56bfc062723c751e8b465ee728b)  -> (artifact id: '16416921bbf43b19530a28fa5a7cfb85') in 33.495023 seconds
  Import took 33.505080 seconds .

========================================================================
Received Import Request.
  Time since last request: 0.000160 seconds.
  path: Assets/_Prefabs/Player.prefab
  artifactKey: Guid(6864ee4317e3e8e40897126cae55b906) Importer(815301076,1909f56bfc062723c751e8b465ee728b)
Start importing Assets/_Prefabs/Player.prefab using Guid(6864ee4317e3e8e40897126cae55b906) Importer(815301076,1909f56bfc062723c751e8b465ee728b)  -> (artifact id: '16416921bbf43b19530a28fa5a7cfb85') in 1.184766 seconds
  Import took 1.192823 seconds .

========================================================================
Received Prepare
Registering precompiled user dll's ...
Registered in 0.002749 seconds.
Begin MonoManager ReloadAssembly
Native extension for WindowsStandalone target not found
Native extension for WebGL target not found
Refreshing native plugins compatible for Editor in 0.88 ms, found 0 plugins.
Preloading 0 native plugins for Editor in 0.00 ms.
Warning: Annotation not found!
UnityEngine.StackTraceUtility:ExtractStackTrace ()
UnityEditor.ProBuilder.EditorUtility:SetGizmoIconEnabled (System.Type,bool) (at Library/PackageCache/com.unity.probuilder@4.5.0/Editor/EditorCore/EditorUtility.cs:593)
UnityEditor.ProBuilder.HierarchyListener:.cctor () (at Library/PackageCache/com.unity.probuilder@4.5.0/Editor/EditorCore/HierarchyListener.cs:21)
System.Runtime.CompilerServices.RuntimeHelpers:RunClassConstructor (System.RuntimeTypeHandle)
UnityEditor.EditorAssemblies:ProcessInitializeOnLoadAttributes (System.Type[])

[Library/PackageCache/com.unity.probuilder@4.5.0/Editor/EditorCore/EditorUtility.cs line 593]

Invoked RoslynAnalysisRunner static constructor.
RoslynAnalysisRunner will not be running.
RoslynAnalysisRunner has terminated.
Mono: successfully reloaded assembly
- Completed reload, in  1.295 seconds
Platform modules already initialized, skipping
Refreshing native plugins compatible for Editor in 1.31 ms, found 0 plugins.
Preloading 0 native plugins for Editor in 0.00 ms.
Unloading 4503 Unused Serialized files (Serialized files now loaded: 0)
System memory in use before: 320.5 MB.
System memory in use after: 318.4 MB.

Unloading 35 unused Assets to reduce memory usage. Loaded Objects now: 5399.
Total: 5.286900 ms (FindLiveObjects: 0.656400 ms CreateObjectMapping: 0.129100 ms MarkObjects: 3.061200 ms  DeleteObjects: 1.439300 ms)

========================================================================
Received Import Request.
  Time since last request: 5.940119 seconds.
  path: Assets/_Prefabs/MenuCanvas.prefab
  artifactKey: Guid(e476206d3003b8441bf74f62da045f72) Importer(815301076,1909f56bfc062723c751e8b465ee728b)
Start importing Assets/_Prefabs/MenuCanvas.prefab using Guid(e476206d3003b8441bf74f62da045f72) Importer(815301076,1909f56bfc062723c751e8b465ee728b)  -> (artifact id: '4089fa8b649c2ab15e225f4c00a7ca46') in 0.102140 seconds
  Import took 0.111850 seconds .

========================================================================
Received Prepare
Registering precompiled user dll's ...
Registered in 0.002587 seconds.
Begin MonoManager ReloadAssembly
Native extension for WindowsStandalone target not found
Native extension for WebGL target not found
Refreshing native plugins compatible for Editor in 1.03 ms, found 0 plugins.
Preloading 0 native plugins for Editor in 0.00 ms.
Warning: Annotation not found!
UnityEngine.StackTraceUtility:ExtractStackTrace ()
UnityEditor.ProBuilder.EditorUtility:SetGizmoIconEnabled (System.Type,bool) (at Library/PackageCache/com.unity.probuilder@4.5.0/Editor/EditorCore/EditorUtility.cs:593)
UnityEditor.ProBuilder.HierarchyListener:.cctor () (at Library/PackageCache/com.unity.probuilder@4.5.0/Editor/EditorCore/HierarchyListener.cs:21)
System.Runtime.CompilerServices.RuntimeHelpers:RunClassConstructor (System.RuntimeTypeHandle)
UnityEditor.EditorAssemblies:ProcessInitializeOnLoadAttributes (System.Type[])

[Library/PackageCache/com.unity.probuilder@4.5.0/Editor/EditorCore/EditorUtility.cs line 593]

Invoked RoslynAnalysisRunner static constructor.
RoslynAnalysisRunner will not be running.
RoslynAnalysisRunner has terminated.
Mono: successfully reloaded assembly
- Completed reload, in  1.245 seconds
Platform modules already initialized, skipping
Refreshing native plugins compatible for Editor in 0.87 ms, found 0 plugins.
Preloading 0 native plugins for Editor in 0.00 ms.
Unloading 4488 Unused Serialized files (Serialized files now loaded: 0)
System memory in use before: 319.8 MB.
System memory in use after: 317.7 MB.

Unloading 39 unused Assets to reduce memory usage. Loaded Objects now: 5404.
Total: 5.503000 ms (FindLiveObjects: 0.526800 ms CreateObjectMapping: 0.119200 ms MarkObjects: 3.193300 ms  DeleteObjects: 1.662200 ms)

========================================================================
Received Import Request.
  Time since last request: 43.727297 seconds.
  path: Assets/_Prefabs/MenuCanvas.prefab
  artifactKey: Guid(e476206d3003b8441bf74f62da045f72) Importer(815301076,1909f56bfc062723c751e8b465ee728b)
Start importing Assets/_Prefabs/MenuCanvas.prefab using Guid(e476206d3003b8441bf74f62da045f72) Importer(815301076,1909f56bfc062723c751e8b465ee728b)  -> (artifact id: '63bb8983bf694806e8758bbc1a58cb46') in 0.114543 seconds
  Import took 0.122347 seconds .

========================================================================
Received Prepare
Registering precompiled user dll's ...
Registered in 0.002693 seconds.
Begin MonoManager ReloadAssembly
Native extension for WindowsStandalone target not found
Native extension for WebGL target not found
Refreshing native plugins compatible for Editor in 0.86 ms, found 0 plugins.
Preloading 0 native plugins for Editor in 0.00 ms.
Warning: Annotation not found!
UnityEngine.StackTraceUtility:ExtractStackTrace ()
UnityEditor.ProBuilder.EditorUtility:SetGizmoIconEnabled (System.Type,bool) (at Library/PackageCache/com.unity.probuilder@4.5.0/Editor/EditorCore/EditorUtility.cs:593)
UnityEditor.ProBuilder.HierarchyListener:.cctor () (at Library/PackageCache/com.unity.probuilder@4.5.0/Editor/EditorCore/HierarchyListener.cs:21)
System.Runtime.CompilerServices.RuntimeHelpers:RunClassConstructor (System.RuntimeTypeHandle)
UnityEditor.EditorAssemblies:ProcessInitializeOnLoadAttributes (System.Type[])

[Library/PackageCache/com.unity.probuilder@4.5.0/Editor/EditorCore/EditorUtility.cs line 593]

Invoked RoslynAnalysisRunner static constructor.
RoslynAnalysisRunner will not be running.
RoslynAnalysisRunner has terminated.
Mono: successfully reloaded assembly
- Completed reload, in  1.172 seconds
Platform modules already initialized, skipping
Refreshing native plugins compatible for Editor in 1.19 ms, found 0 plugins.
Preloading 0 native plugins for Editor in 0.00 ms.
Unloading 4488 Unused Serialized files (Serialized files now loaded: 0)
System memory in use before: 319.9 MB.
System memory in use after: 317.7 MB.

Unloading 39 unused Assets to reduce memory usage. Loaded Objects now: 5409.
Total: 6.728200 ms (FindLiveObjects: 0.940300 ms CreateObjectMapping: 0.153100 ms MarkObjects: 3.809300 ms  DeleteObjects: 1.824200 ms)

========================================================================
Received Import Request.
  Time since last request: 112.832441 seconds.
  path: Assets/Scripts/Character/Quetzal.inputactions
  artifactKey: Guid(4f31fbba5cf8be6499b07dbb7dd712a9) Importer(815301076,1909f56bfc062723c751e8b465ee728b)
Start importing Assets/Scripts/Character/Quetzal.inputactions using Guid(4f31fbba5cf8be6499b07dbb7dd712a9) Importer(815301076,1909f56bfc062723c751e8b465ee728b)  -> (artifact id: '1a403c61a46356f16ab4473d82dd52fe') in 0.018194 seconds
  Import took 0.025265 seconds .

========================================================================
Received Prepare
Registering precompiled user dll's ...
Registered in 0.003267 seconds.
Begin MonoManager ReloadAssembly
Native extension for WindowsStandalone target not found
Native extension for WebGL target not found
Refreshing native plugins compatible for Editor in 0.88 ms, found 0 plugins.
Preloading 0 native plugins for Editor in 0.00 ms.
Warning: Annotation not found!
UnityEngine.StackTraceUtility:ExtractStackTrace ()
UnityEditor.ProBuilder.EditorUtility:SetGizmoIconEnabled (System.Type,bool) (at Library/PackageCache/com.unity.probuilder@4.5.0/Editor/EditorCore/EditorUtility.cs:593)
UnityEditor.ProBuilder.HierarchyListener:.cctor () (at Library/PackageCache/com.unity.probuilder@4.5.0/Editor/EditorCore/HierarchyListener.cs:21)
System.Runtime.CompilerServices.RuntimeHelpers:RunClassConstructor (System.RuntimeTypeHandle)
UnityEditor.EditorAssemblies:ProcessInitializeOnLoadAttributes (System.Type[])

[Library/PackageCache/com.unity.probuilder@4.5.0/Editor/EditorCore/EditorUtility.cs line 593]

Invoked RoslynAnalysisRunner static constructor.
RoslynAnalysisRunner will not be running.
RoslynAnalysisRunner has terminated.
Mono: successfully reloaded assembly
- Completed reload, in  1.212 seconds
Platform modules already initialized, skipping
Refreshing native plugins compatible for Editor in 1.00 ms, found 0 plugins.
Preloading 0 native plugins for Editor in 0.00 ms.
Unloading 4488 Unused Serialized files (Serialized files now loaded: 0)
System memory in use before: 319.9 MB.
System memory in use after: 317.8 MB.

Unloading 35 unused Assets to reduce memory usage. Loaded Objects now: 5414.
Total: 5.650000 ms (FindLiveObjects: 0.685900 ms CreateObjectMapping: 0.136300 ms MarkObjects: 3.029700 ms  DeleteObjects: 1.796400 ms)

========================================================================
Received Prepare
Registering precompiled user dll's ...
Registered in 0.002721 seconds.
Begin MonoManager ReloadAssembly
Native extension for WindowsStandalone target not found
Native extension for WebGL target not found
Refreshing native plugins compatible for Editor in 1.32 ms, found 0 plugins.
Preloading 0 native plugins for Editor in 0.00 ms.
Warning: Annotation not found!
UnityEngine.StackTraceUtility:ExtractStackTrace ()
UnityEditor.ProBuilder.EditorUtility:SetGizmoIconEnabled (System.Type,bool) (at Library/PackageCache/com.unity.probuilder@4.5.0/Editor/EditorCore/EditorUtility.cs:593)
UnityEditor.ProBuilder.HierarchyListener:.cctor () (at Library/PackageCache/com.unity.probuilder@4.5.0/Editor/EditorCore/HierarchyListener.cs:21)
System.Runtime.CompilerServices.RuntimeHelpers:RunClassConstructor (System.RuntimeTypeHandle)
UnityEditor.EditorAssemblies:ProcessInitializeOnLoadAttributes (System.Type[])

[Library/PackageCache/com.unity.probuilder@4.5.0/Editor/EditorCore/EditorUtility.cs line 593]

Invoked RoslynAnalysisRunner static constructor.
RoslynAnalysisRunner will not be running.
RoslynAnalysisRunner has terminated.
Mono: successfully reloaded assembly
- Completed reload, in  1.184 seconds
Platform modules already initialized, skipping
Refreshing native plugins compatible for Editor in 1.22 ms, found 0 plugins.
Preloading 0 native plugins for Editor in 0.00 ms.
Unloading 4488 Unused Serialized files (Serialized files now loaded: 0)
System memory in use before: 319.9 MB.
System memory in use after: 317.8 MB.

Unloading 35 unused Assets to reduce memory usage. Loaded Objects now: 5419.
Total: 6.657700 ms (FindLiveObjects: 0.856600 ms CreateObjectMapping: 0.125100 ms MarkObjects: 3.604100 ms  DeleteObjects: 2.069900 ms)

========================================================================
Received Prepare
Registering precompiled user dll's ...
Registered in 0.002668 seconds.
Begin MonoManager ReloadAssembly
Native extension for WindowsStandalone target not found
Native extension for WebGL target not found
Refreshing native plugins compatible for Editor in 0.88 ms, found 0 plugins.
Preloading 0 native plugins for Editor in 0.00 ms.
Warning: Annotation not found!
UnityEngine.StackTraceUtility:ExtractStackTrace ()
UnityEditor.ProBuilder.EditorUtility:SetGizmoIconEnabled (System.Type,bool) (at Library/PackageCache/com.unity.probuilder@4.5.0/Editor/EditorCore/EditorUtility.cs:593)
UnityEditor.ProBuilder.HierarchyListener:.cctor () (at Library/PackageCache/com.unity.probuilder@4.5.0/Editor/EditorCore/HierarchyListener.cs:21)
System.Runtime.CompilerServices.RuntimeHelpers:RunClassConstructor (System.RuntimeTypeHandle)
UnityEditor.EditorAssemblies:ProcessInitializeOnLoadAttributes (System.Type[])

[Library/PackageCache/com.unity.probuilder@4.5.0/Editor/EditorCore/EditorUtility.cs line 593]

Invoked RoslynAnalysisRunner static constructor.
RoslynAnalysisRunner will not be running.
RoslynAnalysisRunner has terminated.
Mono: successfully reloaded assembly
- Completed reload, in  1.179 seconds
Platform modules already initialized, skipping
Refreshing native plugins compatible for Editor in 1.01 ms, found 0 plugins.
Preloading 0 native plugins for Editor in 0.00 ms.
Unloading 4489 Unused Serialized files (Serialized files now loaded: 0)
System memory in use before: 320.1 MB.
System memory in use after: 318.0 MB.

Unloading 35 unused Assets to reduce memory usage. Loaded Objects now: 5425.
Total: 5.556400 ms (FindLiveObjects: 0.514000 ms CreateObjectMapping: 0.122000 ms MarkObjects: 3.178900 ms  DeleteObjects: 1.740200 ms)

========================================================================
Received Import Request.
  Time since last request: 340.773669 seconds.
  path: Assets/Settings/HDRPMediumQuality.asset
  artifactKey: Guid(3e2e6bfc59709614ab90c0cd7d755e48) Importer(815301076,1909f56bfc062723c751e8b465ee728b)
Start importing Assets/Settings/HDRPMediumQuality.asset using Guid(3e2e6bfc59709614ab90c0cd7d755e48) Importer(815301076,1909f56bfc062723c751e8b465ee728b)  -> (artifact id: '7d8432f234d959f0d64d42a508c7b5d1') in 0.015546 seconds
  Import took 0.023416 seconds .

========================================================================
Received Import Request.
  Time since last request: 109.451145 seconds.
  path: Assets/Scenes/Islands/IslandsGeneralVolume Profile 1.asset
  artifactKey: Guid(5aa6f4690c009b047819f3ba5aa9a42b) Importer(815301076,1909f56bfc062723c751e8b465ee728b)
Start importing Assets/Scenes/Islands/IslandsGeneralVolume Profile 1.asset using Guid(5aa6f4690c009b047819f3ba5aa9a42b) Importer(815301076,1909f56bfc062723c751e8b465ee728b)  -> (artifact id: '4b76be717137cb3a839b6e1b7a56b8b3') in 0.037230 seconds
  Import took 0.046447 seconds .

========================================================================
Received Import Request.
  Time since last request: 0.000197 seconds.
  path: Assets/Scenes/Islands/IslandsGeneralVolume Profile.asset
  artifactKey: Guid(71c127a4c7112bd42b556d9ac013b863) Importer(815301076,1909f56bfc062723c751e8b465ee728b)
Start importing Assets/Scenes/Islands/IslandsGeneralVolume Profile.asset using Guid(71c127a4c7112bd42b556d9ac013b863) Importer(815301076,1909f56bfc062723c751e8b465ee728b)  -> (artifact id: '1bf3fc4e6931dce673d7cf5490ba33e8') in 0.028682 seconds
  Import took 0.038107 seconds .

========================================================================
Received Import Request.
  Time since last request: 0.000171 seconds.
  path: Assets/Scenes/Islands/LightingData.asset
  artifactKey: Guid(9c3746285236b2b4882d7979c1c7252a) Importer(815301076,1909f56bfc062723c751e8b465ee728b)
Start importing Assets/Scenes/Islands/LightingData.asset using Guid(9c3746285236b2b4882d7979c1c7252a) Importer(815301076,1909f56bfc062723c751e8b465ee728b)  -> (artifact id: 'c82ec11ad094051c019839f527b4bff5') in 0.005734 seconds
  Import took 0.011725 seconds .

========================================================================
Received Import Request.
  Time since last request: 0.000146 seconds.
  path: Assets/Scenes/Islands/IslandsGeneralVolume Profile 1.asset
  artifactKey: Guid(5aa6f4690c009b047819f3ba5aa9a42b) Importer(815301076,1909f56bfc062723c751e8b465ee728b)
Start importing Assets/Scenes/Islands/IslandsGeneralVolume Profile 1.asset using Guid(5aa6f4690c009b047819f3ba5aa9a42b) Importer(815301076,1909f56bfc062723c751e8b465ee728b)  -> (artifact id: '4b76be717137cb3a839b6e1b7a56b8b3') in 0.021475 seconds
  Import took 0.029550 seconds .

========================================================================
Received Import Request.
  Time since last request: 0.022515 seconds.
  path: Assets/Scenes/Islands/LightingData.asset
  artifactKey: Guid(9c3746285236b2b4882d7979c1c7252a) Importer(815301076,1909f56bfc062723c751e8b465ee728b)
Start importing Assets/Scenes/Islands/LightingData.asset using Guid(9c3746285236b2b4882d7979c1c7252a) Importer(815301076,1909f56bfc062723c751e8b465ee728b)  -> (artifact id: 'c82ec11ad094051c019839f527b4bff5') in 0.002300 seconds
  Import took 0.008593 seconds .

========================================================================
Received Import Request.
  Time since last request: 9.231072 seconds.
  path: Assets/Scenes/Islands/IslandsHigh.asset
  artifactKey: Guid(5aa6f4690c009b047819f3ba5aa9a42b) Importer(815301076,1909f56bfc062723c751e8b465ee728b)
Start importing Assets/Scenes/Islands/IslandsHigh.asset using Guid(5aa6f4690c009b047819f3ba5aa9a42b) Importer(815301076,1909f56bfc062723c751e8b465ee728b)  -> (artifact id: '1d4974c5965f67bf3f9c4b6851365887') in 0.022239 seconds
  Import took 0.031132 seconds .

========================================================================
Received Import Request.
  Time since last request: 0.040227 seconds.
  path: Assets/Scenes/Islands/IslandsHigh.asset
  artifactKey: Guid(5aa6f4690c009b047819f3ba5aa9a42b) Importer(815301076,1909f56bfc062723c751e8b465ee728b)
Start importing Assets/Scenes/Islands/IslandsHigh.asset using Guid(5aa6f4690c009b047819f3ba5aa9a42b) Importer(815301076,1909f56bfc062723c751e8b465ee728b)  -> (artifact id: '1d4974c5965f67bf3f9c4b6851365887') in 0.020485 seconds
  Import took 0.029308 seconds .

========================================================================
Received Import Request.
  Time since last request: 10.626559 seconds.
  path: Assets/Scenes/Islands/IslandsHigh 1.asset
  artifactKey: Guid(808268d27e08837459e31b659876b950) Importer(815301076,1909f56bfc062723c751e8b465ee728b)
Start importing Assets/Scenes/Islands/IslandsHigh 1.asset using Guid(808268d27e08837459e31b659876b950) Importer(815301076,1909f56bfc062723c751e8b465ee728b)  -> (artifact id: '87c489984970235c2d9ed89033661b9f') in 0.026529 seconds
  Import took 0.035329 seconds .

========================================================================
Received Import Request.
  Time since last request: 0.000202 seconds.
  path: Assets/Scenes/Islands/IslandsHigh.asset
  artifactKey: Guid(5aa6f4690c009b047819f3ba5aa9a42b) Importer(815301076,1909f56bfc062723c751e8b465ee728b)
Start importing Assets/Scenes/Islands/IslandsHigh.asset using Guid(5aa6f4690c009b047819f3ba5aa9a42b) Importer(815301076,1909f56bfc062723c751e8b465ee728b)  -> (artifact id: 'cdd05faabc9d81a8056ae6b78e75e3a4') in 0.021406 seconds
  Import took 0.030553 seconds .

========================================================================
Received Import Request.
  Time since last request: 8.734527 seconds.
  path: Assets/Scenes/Islands/IslandsMedium.asset
  artifactKey: Guid(5aa6f4690c009b047819f3ba5aa9a42b) Importer(815301076,1909f56bfc062723c751e8b465ee728b)
Start importing Assets/Scenes/Islands/IslandsMedium.asset using Guid(5aa6f4690c009b047819f3ba5aa9a42b) Importer(815301076,1909f56bfc062723c751e8b465ee728b)  -> (artifact id: '576a20f5a7db3a98a5f99bf4dbd18452') in 0.021957 seconds
  Import took 0.030407 seconds .

========================================================================
Received Import Request.
  Time since last request: 0.038806 seconds.
  path: Assets/Scenes/Islands/IslandsMedium.asset
  artifactKey: Guid(5aa6f4690c009b047819f3ba5aa9a42b) Importer(815301076,1909f56bfc062723c751e8b465ee728b)
Start importing Assets/Scenes/Islands/IslandsMedium.asset using Guid(5aa6f4690c009b047819f3ba5aa9a42b) Importer(815301076,1909f56bfc062723c751e8b465ee728b)  -> (artifact id: '576a20f5a7db3a98a5f99bf4dbd18452') in 0.019928 seconds
  Import took 0.028844 seconds .

========================================================================
Received Import Request.
  Time since last request: 26.787690 seconds.
  path: Assets/Scenes/Islands/IslandsMedium.asset
  artifactKey: Guid(808268d27e08837459e31b659876b950) Importer(815301076,1909f56bfc062723c751e8b465ee728b)
Start importing Assets/Scenes/Islands/IslandsMedium.asset using Guid(808268d27e08837459e31b659876b950) Importer(815301076,1909f56bfc062723c751e8b465ee728b)  -> (artifact id: '41d9e082dce942d561e1e66934c0162f') in 0.018971 seconds
  Import took 0.027372 seconds .

========================================================================
Received Import Request.
  Time since last request: 8.204202 seconds.
  path: Assets/Scenes/Islands/IslandsMedium.asset
  artifactKey: Guid(808268d27e08837459e31b659876b950) Importer(815301076,1909f56bfc062723c751e8b465ee728b)
Start importing Assets/Scenes/Islands/IslandsMedium.asset using Guid(808268d27e08837459e31b659876b950) Importer(815301076,1909f56bfc062723c751e8b465ee728b)  -> (artifact id: 'fb3a53a35ed3e1178c5ea2c9e77fb270') in 0.021334 seconds
  Import took 0.030292 seconds .

========================================================================
Received Import Request.
  Time since last request: 4.612312 seconds.
  path: Assets/Scenes/Islands/IslandsMedium.asset
  artifactKey: Guid(808268d27e08837459e31b659876b950) Importer(815301076,1909f56bfc062723c751e8b465ee728b)
Start importing Assets/Scenes/Islands/IslandsMedium.asset using Guid(808268d27e08837459e31b659876b950) Importer(815301076,1909f56bfc062723c751e8b465ee728b)  -> (artifact id: '3e91e178ccdb2f0f03dc75e9f7036622') in 0.020975 seconds
  Import took 0.030181 seconds .

========================================================================
Received Import Request.
  Time since last request: 10.097778 seconds.
  path: Assets/Scenes/Islands/IslandsMedium 1.asset
  artifactKey: Guid(f87393e7b992d4943bf10f998366b92d) Importer(815301076,1909f56bfc062723c751e8b465ee728b)
Start importing Assets/Scenes/Islands/IslandsMedium 1.asset using Guid(f87393e7b992d4943bf10f998366b92d) Importer(815301076,1909f56bfc062723c751e8b465ee728b)  -> (artifact id: '8682ad57691b9680c29efaaeff2e6da9') in 0.024521 seconds
  Import took 0.033508 seconds .

========================================================================
Received Import Request.
  Time since last request: 9.921900 seconds.
  path: Assets/Scenes/Islands/IslandsLow.asset
  artifactKey: Guid(f87393e7b992d4943bf10f998366b92d) Importer(815301076,1909f56bfc062723c751e8b465ee728b)
Start importing Assets/Scenes/Islands/IslandsLow.asset using Guid(f87393e7b992d4943bf10f998366b92d) Importer(815301076,1909f56bfc062723c751e8b465ee728b)  -> (artifact id: 'b8264fd86c9175cb836f8ccca145936d') in 0.021873 seconds
  Import took 0.030852 seconds .

========================================================================
Received Import Request.
  Time since last request: 0.032297 seconds.
  path: Assets/Scenes/Islands/IslandsLow.asset
  artifactKey: Guid(f87393e7b992d4943bf10f998366b92d) Importer(815301076,1909f56bfc062723c751e8b465ee728b)
Start importing Assets/Scenes/Islands/IslandsLow.asset using Guid(f87393e7b992d4943bf10f998366b92d) Importer(815301076,1909f56bfc062723c751e8b465ee728b)  -> (artifact id: 'b8264fd86c9175cb836f8ccca145936d') in 0.020229 seconds
  Import took 0.029029 seconds .

========================================================================
Received Import Request.
  Time since last request: 9.487954 seconds.
  path: Assets/Scenes/Islands/IslandsLow.asset
  artifactKey: Guid(f87393e7b992d4943bf10f998366b92d) Importer(815301076,1909f56bfc062723c751e8b465ee728b)
Start importing Assets/Scenes/Islands/IslandsLow.asset using Guid(f87393e7b992d4943bf10f998366b92d) Importer(815301076,1909f56bfc062723c751e8b465ee728b)  -> (artifact id: '051221495df5e4062460b02a5e4fe2b0') in 0.023960 seconds
  Import took 0.033133 seconds .

========================================================================
Received Import Request.
  Time since last request: 4.600134 seconds.
  path: Assets/Scenes/Islands/IslandsLow.asset
  artifactKey: Guid(f87393e7b992d4943bf10f998366b92d) Importer(815301076,1909f56bfc062723c751e8b465ee728b)
Start importing Assets/Scenes/Islands/IslandsLow.asset using Guid(f87393e7b992d4943bf10f998366b92d) Importer(815301076,1909f56bfc062723c751e8b465ee728b)  -> (artifact id: '0a6ed5e1e55d8fd09533b0692540c9b9') in 0.020628 seconds
  Import took 0.029585 seconds .

========================================================================
Received Import Request.
  Time since last request: 60.953069 seconds.
  path: Assets/Scenes/Islands/IslandsLow.asset
  artifactKey: Guid(f87393e7b992d4943bf10f998366b92d) Importer(815301076,1909f56bfc062723c751e8b465ee728b)
Start importing Assets/Scenes/Islands/IslandsLow.asset using Guid(f87393e7b992d4943bf10f998366b92d) Importer(815301076,1909f56bfc062723c751e8b465ee728b)  -> (artifact id: '590086f6e274afe31eeadf9fbfd7f491') in 0.018704 seconds
  Import took 0.027547 seconds .

========================================================================
Received Import Request.
  Time since last request: 0.000150 seconds.
  path: Assets/Scenes/Islands/IslandsMedium.asset
  artifactKey: Guid(808268d27e08837459e31b659876b950) Importer(815301076,1909f56bfc062723c751e8b465ee728b)
Start importing Assets/Scenes/Islands/IslandsMedium.asset using Guid(808268d27e08837459e31b659876b950) Importer(815301076,1909f56bfc062723c751e8b465ee728b)  -> (artifact id: '8219f208abf16d13fd5a7a954220a020') in 0.020365 seconds
  Import took 0.029096 seconds .

========================================================================
Received Prepare
Registering precompiled user dll's ...
Registered in 0.002689 seconds.
Begin MonoManager ReloadAssembly
Native extension for WindowsStandalone target not found
Native extension for WebGL target not found
Refreshing native plugins compatible for Editor in 0.93 ms, found 0 plugins.
Preloading 0 native plugins for Editor in 0.00 ms.
Warning: Annotation not found!
UnityEngine.StackTraceUtility:ExtractStackTrace ()
UnityEditor.ProBuilder.EditorUtility:SetGizmoIconEnabled (System.Type,bool) (at Library/PackageCache/com.unity.probuilder@4.5.0/Editor/EditorCore/EditorUtility.cs:593)
UnityEditor.ProBuilder.HierarchyListener:.cctor () (at Library/PackageCache/com.unity.probuilder@4.5.0/Editor/EditorCore/HierarchyListener.cs:21)
System.Runtime.CompilerServices.RuntimeHelpers:RunClassConstructor (System.RuntimeTypeHandle)
UnityEditor.EditorAssemblies:ProcessInitializeOnLoadAttributes (System.Type[])

[Library/PackageCache/com.unity.probuilder@4.5.0/Editor/EditorCore/EditorUtility.cs line 593]

Invoked RoslynAnalysisRunner static constructor.
RoslynAnalysisRunner will not be running.
RoslynAnalysisRunner has terminated.
Mono: successfully reloaded assembly
- Completed reload, in  1.171 seconds
Platform modules already initialized, skipping
Refreshing native plugins compatible for Editor in 1.02 ms, found 0 plugins.
Preloading 0 native plugins for Editor in 0.00 ms.
Unloading 4490 Unused Serialized files (Serialized files now loaded: 0)
System memory in use before: 320.2 MB.
System memory in use after: 318.3 MB.

Unloading 36 unused Assets to reduce memory usage. Loaded Objects now: 5430.
Total: 6.940600 ms (FindLiveObjects: 0.532600 ms CreateObjectMapping: 0.132300 ms MarkObjects: 4.001900 ms  DeleteObjects: 2.272000 ms)

========================================================================
Received Prepare
Registering precompiled user dll's ...
Registered in 0.002749 seconds.
Begin MonoManager ReloadAssembly
Native extension for WindowsStandalone target not found
Native extension for WebGL target not found
Refreshing native plugins compatible for Editor in 0.87 ms, found 0 plugins.
Preloading 0 native plugins for Editor in 0.00 ms.
Warning: Annotation not found!
UnityEngine.StackTraceUtility:ExtractStackTrace ()
UnityEditor.ProBuilder.EditorUtility:SetGizmoIconEnabled (System.Type,bool) (at Library/PackageCache/com.unity.probuilder@4.5.0/Editor/EditorCore/EditorUtility.cs:593)
UnityEditor.ProBuilder.HierarchyListener:.cctor () (at Library/PackageCache/com.unity.probuilder@4.5.0/Editor/EditorCore/HierarchyListener.cs:21)
System.Runtime.CompilerServices.RuntimeHelpers:RunClassConstructor (System.RuntimeTypeHandle)
UnityEditor.EditorAssemblies:ProcessInitializeOnLoadAttributes (System.Type[])

[Library/PackageCache/com.unity.probuilder@4.5.0/Editor/EditorCore/EditorUtility.cs line 593]

Invoked RoslynAnalysisRunner static constructor.
RoslynAnalysisRunner will not be running.
RoslynAnalysisRunner has terminated.
Mono: successfully reloaded assembly
- Completed reload, in  1.164 seconds
Platform modules already initialized, skipping
Refreshing native plugins compatible for Editor in 1.03 ms, found 0 plugins.
Preloading 0 native plugins for Editor in 0.00 ms.
Unloading 4489 Unused Serialized files (Serialized files now loaded: 0)
System memory in use before: 320.2 MB.
System memory in use after: 318.3 MB.

Unloading 35 unused Assets to reduce memory usage. Loaded Objects now: 5435.
Total: 6.456200 ms (FindLiveObjects: 0.813800 ms CreateObjectMapping: 0.171800 ms MarkObjects: 3.549600 ms  DeleteObjects: 1.919900 ms)

========================================================================
Received Prepare
Registering precompiled user dll's ...
Registered in 0.002604 seconds.
Begin MonoManager ReloadAssembly
Native extension for WindowsStandalone target not found
Native extension for WebGL target not found
Refreshing native plugins compatible for Editor in 0.97 ms, found 0 plugins.
Preloading 0 native plugins for Editor in 0.00 ms.
Warning: Annotation not found!
UnityEngine.StackTraceUtility:ExtractStackTrace ()
UnityEditor.ProBuilder.EditorUtility:SetGizmoIconEnabled (System.Type,bool) (at Library/PackageCache/com.unity.probuilder@4.5.0/Editor/EditorCore/EditorUtility.cs:593)
UnityEditor.ProBuilder.HierarchyListener:.cctor () (at Library/PackageCache/com.unity.probuilder@4.5.0/Editor/EditorCore/HierarchyListener.cs:21)
System.Runtime.CompilerServices.RuntimeHelpers:RunClassConstructor (System.RuntimeTypeHandle)
UnityEditor.EditorAssemblies:ProcessInitializeOnLoadAttributes (System.Type[])

[Library/PackageCache/com.unity.probuilder@4.5.0/Editor/EditorCore/EditorUtility.cs line 593]

Invoked RoslynAnalysisRunner static constructor.
RoslynAnalysisRunner will not be running.
RoslynAnalysisRunner has terminated.
Mono: successfully reloaded assembly
- Completed reload, in  1.207 seconds
Platform modules already initialized, skipping
Refreshing native plugins compatible for Editor in 0.97 ms, found 0 plugins.
Preloading 0 native plugins for Editor in 0.00 ms.
Unloading 4489 Unused Serialized files (Serialized files now loaded: 0)
System memory in use before: 320.2 MB.
System memory in use after: 318.3 MB.

Unloading 35 unused Assets to reduce memory usage. Loaded Objects now: 5440.
Total: 5.936500 ms (FindLiveObjects: 0.659200 ms CreateObjectMapping: 0.142800 ms MarkObjects: 2.979100 ms  DeleteObjects: 2.154200 ms)

========================================================================
Received Prepare
Registering precompiled user dll's ...
Registered in 0.003531 seconds.
Begin MonoManager ReloadAssembly
Native extension for WindowsStandalone target not found
Native extension for WebGL target not found
Refreshing native plugins compatible for Editor in 1.03 ms, found 0 plugins.
Preloading 0 native plugins for Editor in 0.00 ms.
Warning: Annotation not found!
UnityEngine.StackTraceUtility:ExtractStackTrace ()
UnityEditor.ProBuilder.EditorUtility:SetGizmoIconEnabled (System.Type,bool) (at Library/PackageCache/com.unity.probuilder@4.5.0/Editor/EditorCore/EditorUtility.cs:593)
UnityEditor.ProBuilder.HierarchyListener:.cctor () (at Library/PackageCache/com.unity.probuilder@4.5.0/Editor/EditorCore/HierarchyListener.cs:21)
System.Runtime.CompilerServices.RuntimeHelpers:RunClassConstructor (System.RuntimeTypeHandle)
UnityEditor.EditorAssemblies:ProcessInitializeOnLoadAttributes (System.Type[])

[Library/PackageCache/com.unity.probuilder@4.5.0/Editor/EditorCore/EditorUtility.cs line 593]

Invoked RoslynAnalysisRunner static constructor.
RoslynAnalysisRunner will not be running.
RoslynAnalysisRunner has terminated.
Mono: successfully reloaded assembly
- Completed reload, in  1.213 seconds
Platform modules already initialized, skipping
Refreshing native plugins compatible for Editor in 0.90 ms, found 0 plugins.
Preloading 0 native plugins for Editor in 0.00 ms.
Unloading 4489 Unused Serialized files (Serialized files now loaded: 0)
System memory in use before: 320.2 MB.
System memory in use after: 318.3 MB.

Unloading 35 unused Assets to reduce memory usage. Loaded Objects now: 5445.
Total: 6.741000 ms (FindLiveObjects: 0.559500 ms CreateObjectMapping: 0.136000 ms MarkObjects: 3.949800 ms  DeleteObjects: 2.094800 ms)

========================================================================
Received Prepare
Registering precompiled user dll's ...
Registered in 0.002612 seconds.
Begin MonoManager ReloadAssembly
Native extension for WindowsStandalone target not found
Native extension for WebGL target not found
Refreshing native plugins compatible for Editor in 0.91 ms, found 0 plugins.
Preloading 0 native plugins for Editor in 0.00 ms.
Warning: Annotation not found!
UnityEngine.StackTraceUtility:ExtractStackTrace ()
UnityEditor.ProBuilder.EditorUtility:SetGizmoIconEnabled (System.Type,bool) (at Library/PackageCache/com.unity.probuilder@4.5.0/Editor/EditorCore/EditorUtility.cs:593)
UnityEditor.ProBuilder.HierarchyListener:.cctor () (at Library/PackageCache/com.unity.probuilder@4.5.0/Editor/EditorCore/HierarchyListener.cs:21)
System.Runtime.CompilerServices.RuntimeHelpers:RunClassConstructor (System.RuntimeTypeHandle)
UnityEditor.EditorAssemblies:ProcessInitializeOnLoadAttributes (System.Type[])

[Library/PackageCache/com.unity.probuilder@4.5.0/Editor/EditorCore/EditorUtility.cs line 593]

Invoked RoslynAnalysisRunner static constructor.
RoslynAnalysisRunner will not be running.
RoslynAnalysisRunner has terminated.
Mono: successfully reloaded assembly
- Completed reload, in  1.166 seconds
Platform modules already initialized, skipping
Refreshing native plugins compatible for Editor in 0.99 ms, found 0 plugins.
Preloading 0 native plugins for Editor in 0.00 ms.
Unloading 4489 Unused Serialized files (Serialized files now loaded: 0)
System memory in use before: 320.2 MB.
System memory in use after: 318.3 MB.

Unloading 35 unused Assets to reduce memory usage. Loaded Objects now: 5450.
Total: 7.324800 ms (FindLiveObjects: 0.577000 ms CreateObjectMapping: 0.130500 ms MarkObjects: 4.369600 ms  DeleteObjects: 2.246500 ms)

========================================================================
Received Prepare
Registering precompiled user dll's ...
Registered in 0.002668 seconds.
Begin MonoManager ReloadAssembly
Native extension for WindowsStandalone target not found
Native extension for WebGL target not found
Refreshing native plugins compatible for Editor in 0.90 ms, found 0 plugins.
Preloading 0 native plugins for Editor in 0.00 ms.
Warning: Annotation not found!
UnityEngine.StackTraceUtility:ExtractStackTrace ()
UnityEditor.ProBuilder.EditorUtility:SetGizmoIconEnabled (System.Type,bool) (at Library/PackageCache/com.unity.probuilder@4.5.0/Editor/EditorCore/EditorUtility.cs:593)
UnityEditor.ProBuilder.HierarchyListener:.cctor () (at Library/PackageCache/com.unity.probuilder@4.5.0/Editor/EditorCore/HierarchyListener.cs:21)
System.Runtime.CompilerServices.RuntimeHelpers:RunClassConstructor (System.RuntimeTypeHandle)
UnityEditor.EditorAssemblies:ProcessInitializeOnLoadAttributes (System.Type[])

[Library/PackageCache/com.unity.probuilder@4.5.0/Editor/EditorCore/EditorUtility.cs line 593]

Invoked RoslynAnalysisRunner static constructor.
RoslynAnalysisRunner will not be running.
RoslynAnalysisRunner has terminated.
Mono: successfully reloaded assembly
- Completed reload, in  1.194 seconds
Platform modules already initialized, skipping
Refreshing native plugins compatible for Editor in 0.93 ms, found 0 plugins.
Preloading 0 native plugins for Editor in 0.00 ms.
Unloading 4489 Unused Serialized files (Serialized files now loaded: 0)
System memory in use before: 320.2 MB.
System memory in use after: 318.3 MB.

Unloading 35 unused Assets to reduce memory usage. Loaded Objects now: 5455.
Total: 5.389400 ms (FindLiveObjects: 0.533100 ms CreateObjectMapping: 0.129100 ms MarkObjects: 2.906500 ms  DeleteObjects: 1.819600 ms)

========================================================================
Received Prepare
Registering precompiled user dll's ...
Registered in 0.002722 seconds.
Begin MonoManager ReloadAssembly
Native extension for WindowsStandalone target not found
Native extension for WebGL target not found
Refreshing native plugins compatible for Editor in 1.30 ms, found 0 plugins.
Preloading 0 native plugins for Editor in 0.00 ms.
Warning: Annotation not found!
UnityEngine.StackTraceUtility:ExtractStackTrace ()
UnityEditor.ProBuilder.EditorUtility:SetGizmoIconEnabled (System.Type,bool) (at Library/PackageCache/com.unity.probuilder@4.5.0/Editor/EditorCore/EditorUtility.cs:593)
UnityEditor.ProBuilder.HierarchyListener:.cctor () (at Library/PackageCache/com.unity.probuilder@4.5.0/Editor/EditorCore/HierarchyListener.cs:21)
System.Runtime.CompilerServices.RuntimeHelpers:RunClassConstructor (System.RuntimeTypeHandle)
UnityEditor.EditorAssemblies:ProcessInitializeOnLoadAttributes (System.Type[])

[Library/PackageCache/com.unity.probuilder@4.5.0/Editor/EditorCore/EditorUtility.cs line 593]

Invoked RoslynAnalysisRunner static constructor.
RoslynAnalysisRunner will not be running.
RoslynAnalysisRunner has terminated.
Mono: successfully reloaded assembly
- Completed reload, in  1.181 seconds
Platform modules already initialized, skipping
Refreshing native plugins compatible for Editor in 0.88 ms, found 0 plugins.
Preloading 0 native plugins for Editor in 0.00 ms.
Unloading 4489 Unused Serialized files (Serialized files now loaded: 0)
System memory in use before: 320.3 MB.
System memory in use after: 318.3 MB.

Unloading 35 unused Assets to reduce memory usage. Loaded Objects now: 5460.
Total: 6.888900 ms (FindLiveObjects: 0.687900 ms CreateObjectMapping: 0.141400 ms MarkObjects: 3.924300 ms  DeleteObjects: 2.133800 ms)

========================================================================
Received Prepare
Registering precompiled user dll's ...
Registered in 0.002681 seconds.
Begin MonoManager ReloadAssembly
Native extension for WindowsStandalone target not found
Native extension for WebGL target not found
Refreshing native plugins compatible for Editor in 0.95 ms, found 0 plugins.
Preloading 0 native plugins for Editor in 0.00 ms.
Warning: Annotation not found!
UnityEngine.StackTraceUtility:ExtractStackTrace ()
UnityEditor.ProBuilder.EditorUtility:SetGizmoIconEnabled (System.Type,bool) (at Library/PackageCache/com.unity.probuilder@4.5.0/Editor/EditorCore/EditorUtility.cs:593)
UnityEditor.ProBuilder.HierarchyListener:.cctor () (at Library/PackageCache/com.unity.probuilder@4.5.0/Editor/EditorCore/HierarchyListener.cs:21)
System.Runtime.CompilerServices.RuntimeHelpers:RunClassConstructor (System.RuntimeTypeHandle)
UnityEditor.EditorAssemblies:ProcessInitializeOnLoadAttributes (System.Type[])

[Library/PackageCache/com.unity.probuilder@4.5.0/Editor/EditorCore/EditorUtility.cs line 593]

Invoked RoslynAnalysisRunner static constructor.
RoslynAnalysisRunner will not be running.
RoslynAnalysisRunner has terminated.
Mono: successfully reloaded assembly
- Completed reload, in  1.177 seconds
Platform modules already initialized, skipping
Refreshing native plugins compatible for Editor in 1.07 ms, found 0 plugins.
Preloading 0 native plugins for Editor in 0.00 ms.
Unloading 4489 Unused Serialized files (Serialized files now loaded: 0)
System memory in use before: 320.2 MB.
System memory in use after: 318.3 MB.

Unloading 35 unused Assets to reduce memory usage. Loaded Objects now: 5465.
Total: 7.093700 ms (FindLiveObjects: 0.590900 ms CreateObjectMapping: 0.148200 ms MarkObjects: 4.309200 ms  DeleteObjects: 2.044100 ms)

========================================================================
Received Prepare
Registering precompiled user dll's ...
Registered in 0.002777 seconds.
Begin MonoManager ReloadAssembly
Native extension for WindowsStandalone target not found
Native extension for WebGL target not found
Refreshing native plugins compatible for Editor in 0.95 ms, found 0 plugins.
Preloading 0 native plugins for Editor in 0.00 ms.
Warning: Annotation not found!
UnityEngine.StackTraceUtility:ExtractStackTrace ()
UnityEditor.ProBuilder.EditorUtility:SetGizmoIconEnabled (System.Type,bool) (at Library/PackageCache/com.unity.probuilder@4.5.0/Editor/EditorCore/EditorUtility.cs:593)
UnityEditor.ProBuilder.HierarchyListener:.cctor () (at Library/PackageCache/com.unity.probuilder@4.5.0/Editor/EditorCore/HierarchyListener.cs:21)
System.Runtime.CompilerServices.RuntimeHelpers:RunClassConstructor (System.RuntimeTypeHandle)
UnityEditor.EditorAssemblies:ProcessInitializeOnLoadAttributes (System.Type[])

[Library/PackageCache/com.unity.probuilder@4.5.0/Editor/EditorCore/EditorUtility.cs line 593]

Invoked RoslynAnalysisRunner static constructor.
RoslynAnalysisRunner will not be running.
RoslynAnalysisRunner has terminated.
Mono: successfully reloaded assembly
- Completed reload, in  1.160 seconds
Platform modules already initialized, skipping
Refreshing native plugins compatible for Editor in 0.91 ms, found 0 plugins.
Preloading 0 native plugins for Editor in 0.00 ms.
Unloading 4489 Unused Serialized files (Serialized files now loaded: 0)
System memory in use before: 320.3 MB.
System memory in use after: 318.3 MB.

Unloading 35 unused Assets to reduce memory usage. Loaded Objects now: 5470.
Total: 5.397300 ms (FindLiveObjects: 0.530100 ms CreateObjectMapping: 0.126800 ms MarkObjects: 2.907000 ms  DeleteObjects: 1.832300 ms)

========================================================================
Received Prepare
Registering precompiled user dll's ...
Registered in 0.002818 seconds.
Begin MonoManager ReloadAssembly
Native extension for WindowsStandalone target not found
Native extension for WebGL target not found
Refreshing native plugins compatible for Editor in 0.96 ms, found 0 plugins.
Preloading 0 native plugins for Editor in 0.00 ms.
Warning: Annotation not found!
UnityEngine.StackTraceUtility:ExtractStackTrace ()
UnityEditor.ProBuilder.EditorUtility:SetGizmoIconEnabled (System.Type,bool) (at Library/PackageCache/com.unity.probuilder@4.5.0/Editor/EditorCore/EditorUtility.cs:593)
UnityEditor.ProBuilder.HierarchyListener:.cctor () (at Library/PackageCache/com.unity.probuilder@4.5.0/Editor/EditorCore/HierarchyListener.cs:21)
System.Runtime.CompilerServices.RuntimeHelpers:RunClassConstructor (System.RuntimeTypeHandle)
UnityEditor.EditorAssemblies:ProcessInitializeOnLoadAttributes (System.Type[])

[Library/PackageCache/com.unity.probuilder@4.5.0/Editor/EditorCore/EditorUtility.cs line 593]

Invoked RoslynAnalysisRunner static constructor.
RoslynAnalysisRunner will not be running.
RoslynAnalysisRunner has terminated.
Mono: successfully reloaded assembly
- Completed reload, in  1.186 seconds
Platform modules already initialized, skipping
Refreshing native plugins compatible for Editor in 0.90 ms, found 0 plugins.
Preloading 0 native plugins for Editor in 0.00 ms.
Unloading 4489 Unused Serialized files (Serialized files now loaded: 0)
System memory in use before: 320.3 MB.
System memory in use after: 318.4 MB.

Unloading 35 unused Assets to reduce memory usage. Loaded Objects now: 5475.
Total: 5.774900 ms (FindLiveObjects: 0.529900 ms CreateObjectMapping: 0.137300 ms MarkObjects: 3.271600 ms  DeleteObjects: 1.835100 ms)

========================================================================
Received Prepare
Registering precompiled user dll's ...
Registered in 0.002589 seconds.
Begin MonoManager ReloadAssembly
Native extension for WindowsStandalone target not found
Native extension for WebGL target not found
Refreshing native plugins compatible for Editor in 1.50 ms, found 0 plugins.
Preloading 0 native plugins for Editor in 0.00 ms.
Warning: Annotation not found!
UnityEngine.StackTraceUtility:ExtractStackTrace ()
UnityEditor.ProBuilder.EditorUtility:SetGizmoIconEnabled (System.Type,bool) (at Library/PackageCache/com.unity.probuilder@4.5.0/Editor/EditorCore/EditorUtility.cs:593)
UnityEditor.ProBuilder.HierarchyListener:.cctor () (at Library/PackageCache/com.unity.probuilder@4.5.0/Editor/EditorCore/HierarchyListener.cs:21)
System.Runtime.CompilerServices.RuntimeHelpers:RunClassConstructor (System.RuntimeTypeHandle)
UnityEditor.EditorAssemblies:ProcessInitializeOnLoadAttributes (System.Type[])

[Library/PackageCache/com.unity.probuilder@4.5.0/Editor/EditorCore/EditorUtility.cs line 593]

Invoked RoslynAnalysisRunner static constructor.
RoslynAnalysisRunner will not be running.
RoslynAnalysisRunner has terminated.
Mono: successfully reloaded assembly
- Completed reload, in  1.184 seconds
Platform modules already initialized, skipping
Refreshing native plugins compatible for Editor in 0.98 ms, found 0 plugins.
Preloading 0 native plugins for Editor in 0.00 ms.
Unloading 4489 Unused Serialized files (Serialized files now loaded: 0)
System memory in use before: 320.3 MB.
System memory in use after: 318.4 MB.

Unloading 35 unused Assets to reduce memory usage. Loaded Objects now: 5480.
Total: 6.670300 ms (FindLiveObjects: 0.548800 ms CreateObjectMapping: 0.135200 ms MarkObjects: 3.976200 ms  DeleteObjects: 2.009000 ms)

========================================================================
Received Prepare
Registering precompiled user dll's ...
Registered in 0.002713 seconds.
Begin MonoManager ReloadAssembly
Native extension for WindowsStandalone target not found
Native extension for WebGL target not found
Refreshing native plugins compatible for Editor in 0.86 ms, found 0 plugins.
Preloading 0 native plugins for Editor in 0.00 ms.
Warning: Annotation not found!
UnityEngine.StackTraceUtility:ExtractStackTrace ()
UnityEditor.ProBuilder.EditorUtility:SetGizmoIconEnabled (System.Type,bool) (at Library/PackageCache/com.unity.probuilder@4.5.0/Editor/EditorCore/EditorUtility.cs:593)
UnityEditor.ProBuilder.HierarchyListener:.cctor () (at Library/PackageCache/com.unity.probuilder@4.5.0/Editor/EditorCore/HierarchyListener.cs:21)
System.Runtime.CompilerServices.RuntimeHelpers:RunClassConstructor (System.RuntimeTypeHandle)
UnityEditor.EditorAssemblies:ProcessInitializeOnLoadAttributes (System.Type[])

[Library/PackageCache/com.unity.probuilder@4.5.0/Editor/EditorCore/EditorUtility.cs line 593]

Invoked RoslynAnalysisRunner static constructor.
RoslynAnalysisRunner will not be running.
RoslynAnalysisRunner has terminated.
Mono: successfully reloaded assembly
- Completed reload, in  1.165 seconds
Platform modules already initialized, skipping
Refreshing native plugins compatible for Editor in 0.85 ms, found 0 plugins.
Preloading 0 native plugins for Editor in 0.00 ms.
Unloading 4489 Unused Serialized files (Serialized files now loaded: 0)
System memory in use before: 320.3 MB.
System memory in use after: 318.4 MB.

Unloading 35 unused Assets to reduce memory usage. Loaded Objects now: 5485.
Total: 5.472800 ms (FindLiveObjects: 0.540500 ms CreateObjectMapping: 0.129300 ms MarkObjects: 2.940500 ms  DeleteObjects: 1.861400 ms)

========================================================================
Received Prepare
Registering precompiled user dll's ...
Registered in 0.002686 seconds.
Begin MonoManager ReloadAssembly
Native extension for WindowsStandalone target not found
Native extension for WebGL target not found
Refreshing native plugins compatible for Editor in 1.01 ms, found 0 plugins.
Preloading 0 native plugins for Editor in 0.00 ms.
Warning: Annotation not found!
UnityEngine.StackTraceUtility:ExtractStackTrace ()
UnityEditor.ProBuilder.EditorUtility:SetGizmoIconEnabled (System.Type,bool) (at Library/PackageCache/com.unity.probuilder@4.5.0/Editor/EditorCore/EditorUtility.cs:593)
UnityEditor.ProBuilder.HierarchyListener:.cctor () (at Library/PackageCache/com.unity.probuilder@4.5.0/Editor/EditorCore/HierarchyListener.cs:21)
System.Runtime.CompilerServices.RuntimeHelpers:RunClassConstructor (System.RuntimeTypeHandle)
UnityEditor.EditorAssemblies:ProcessInitializeOnLoadAttributes (System.Type[])

[Library/PackageCache/com.unity.probuilder@4.5.0/Editor/EditorCore/EditorUtility.cs line 593]

Invoked RoslynAnalysisRunner static constructor.
RoslynAnalysisRunner will not be running.
RoslynAnalysisRunner has terminated.
Mono: successfully reloaded assembly
- Completed reload, in  1.195 seconds
Platform modules already initialized, skipping
Refreshing native plugins compatible for Editor in 0.91 ms, found 0 plugins.
Preloading 0 native plugins for Editor in 0.00 ms.
Unloading 4489 Unused Serialized files (Serialized files now loaded: 0)
System memory in use before: 320.3 MB.
System memory in use after: 318.4 MB.

Unloading 35 unused Assets to reduce memory usage. Loaded Objects now: 5490.
Total: 5.798800 ms (FindLiveObjects: 0.542300 ms CreateObjectMapping: 0.132500 ms MarkObjects: 3.261700 ms  DeleteObjects: 1.861000 ms)

========================================================================
Received Prepare
Registering precompiled user dll's ...
Registered in 0.003095 seconds.
Begin MonoManager ReloadAssembly
Native extension for WindowsStandalone target not found
Native extension for WebGL target not found
Refreshing native plugins compatible for Editor in 1.12 ms, found 0 plugins.
Preloading 0 native plugins for Editor in 0.00 ms.
Warning: Annotation not found!
UnityEngine.StackTraceUtility:ExtractStackTrace ()
UnityEditor.ProBuilder.EditorUtility:SetGizmoIconEnabled (System.Type,bool) (at Library/PackageCache/com.unity.probuilder@4.5.0/Editor/EditorCore/EditorUtility.cs:593)
UnityEditor.ProBuilder.HierarchyListener:.cctor () (at Library/PackageCache/com.unity.probuilder@4.5.0/Editor/EditorCore/HierarchyListener.cs:21)
System.Runtime.CompilerServices.RuntimeHelpers:RunClassConstructor (System.RuntimeTypeHandle)
UnityEditor.EditorAssemblies:ProcessInitializeOnLoadAttributes (System.Type[])

[Library/PackageCache/com.unity.probuilder@4.5.0/Editor/EditorCore/EditorUtility.cs line 593]

Invoked RoslynAnalysisRunner static constructor.
RoslynAnalysisRunner will not be running.
RoslynAnalysisRunner has terminated.
Mono: successfully reloaded assembly
- Completed reload, in  1.220 seconds
Platform modules already initialized, skipping
Refreshing native plugins compatible for Editor in 0.89 ms, found 0 plugins.
Preloading 0 native plugins for Editor in 0.00 ms.
Unloading 4489 Unused Serialized files (Serialized files now loaded: 0)
System memory in use before: 320.3 MB.
System memory in use after: 318.4 MB.

Unloading 35 unused Assets to reduce memory usage. Loaded Objects now: 5495.
Total: 5.878200 ms (FindLiveObjects: 0.639800 ms CreateObjectMapping: 0.144200 ms MarkObjects: 3.242500 ms  DeleteObjects: 1.850500 ms)

========================================================================
Received Prepare
Refreshing native plugins compatible for Editor in 3.80 ms, found 0 plugins.
Preloading 0 native plugins for Editor in 0.00 ms.
Unloading 26 Unused Serialized files (Serialized files now loaded: 0)
System memory in use before: 232.2 MB.
System memory in use after: 230.2 MB.

Unloading 26 unused Assets to reduce memory usage. Loaded Objects now: 5495.
Total: 10.463000 ms (FindLiveObjects: 0.914400 ms CreateObjectMapping: 0.180100 ms MarkObjects: 6.267000 ms  DeleteObjects: 3.099700 ms)

========================================================================
Received Prepare
Registering precompiled user dll's ...
Registered in 0.002767 seconds.
Begin MonoManager ReloadAssembly
Native extension for WindowsStandalone target not found
Native extension for WebGL target not found
Refreshing native plugins compatible for Editor in 0.92 ms, found 0 plugins.
Preloading 0 native plugins for Editor in 0.00 ms.
Warning: Annotation not found!
UnityEngine.StackTraceUtility:ExtractStackTrace ()
UnityEditor.ProBuilder.EditorUtility:SetGizmoIconEnabled (System.Type,bool) (at Library/PackageCache/com.unity.probuilder@4.5.0/Editor/EditorCore/EditorUtility.cs:593)
UnityEditor.ProBuilder.HierarchyListener:.cctor () (at Library/PackageCache/com.unity.probuilder@4.5.0/Editor/EditorCore/HierarchyListener.cs:21)
System.Runtime.CompilerServices.RuntimeHelpers:RunClassConstructor (System.RuntimeTypeHandle)
UnityEditor.EditorAssemblies:ProcessInitializeOnLoadAttributes (System.Type[])

[Library/PackageCache/com.unity.probuilder@4.5.0/Editor/EditorCore/EditorUtility.cs line 593]

Invoked RoslynAnalysisRunner static constructor.
RoslynAnalysisRunner will not be running.
RoslynAnalysisRunner has terminated.
Mono: successfully reloaded assembly
- Completed reload, in  1.183 seconds
Platform modules already initialized, skipping
Refreshing native plugins compatible for Editor in 0.98 ms, found 0 plugins.
Preloading 0 native plugins for Editor in 0.00 ms.
Unloading 4490 Unused Serialized files (Serialized files now loaded: 0)
System memory in use before: 321.0 MB.
System memory in use after: 319.1 MB.

Unloading 35 unused Assets to reduce memory usage. Loaded Objects now: 5501.
Total: 7.606500 ms (FindLiveObjects: 0.637700 ms CreateObjectMapping: 0.141800 ms MarkObjects: 4.242000 ms  DeleteObjects: 2.583300 ms)

========================================================================
Received Prepare
Refreshing native plugins compatible for Editor in 2.39 ms, found 0 plugins.
Preloading 0 native plugins for Editor in 0.00 ms.
Unloading 26 Unused Serialized files (Serialized files now loaded: 0)
System memory in use before: 232.8 MB.
System memory in use after: 230.9 MB.

Unloading 26 unused Assets to reduce memory usage. Loaded Objects now: 5501.
Total: 6.154100 ms (FindLiveObjects: 0.575500 ms CreateObjectMapping: 0.140800 ms MarkObjects: 3.270400 ms  DeleteObjects: 2.165300 ms)

========================================================================
Received Import Request.
  Time since last request: 1747.160936 seconds.
  path: Assets/_Textures/Chrobot SDF.asset
  artifactKey: Guid(74e8d9e486302184b83b7849a27d4c92) Importer(815301076,1909f56bfc062723c751e8b465ee728b)
Start importing Assets/_Textures/Chrobot SDF.asset using Guid(74e8d9e486302184b83b7849a27d4c92) Importer(815301076,1909f56bfc062723c751e8b465ee728b)  -> (artifact id: '0fa930662c0ee0ff4d6fe8c03ad8c7fa') in 0.646936 seconds
  Import took 0.656192 seconds .

========================================================================
Received Import Request.
  Time since last request: 0.000156 seconds.
  path: Assets/_Textures/logo.png
  artifactKey: Guid(c870f9631502cd848a2a5c2e3c4cc82f) Importer(815301076,1909f56bfc062723c751e8b465ee728b)
Start importing Assets/_Textures/logo.png using Guid(c870f9631502cd848a2a5c2e3c4cc82f) Importer(815301076,1909f56bfc062723c751e8b465ee728b)  -> (artifact id: '7f6c5f1dcdf0f388258cb578b660db37') in 0.090986 seconds
  Import took 0.096839 seconds .

========================================================================
Received Import Request.
  Time since last request: 0.000139 seconds.
  path: Assets/TextMesh Pro/Sprites/EmojiOne.png
  artifactKey: Guid(dffef66376be4fa480fb02b19edbe903) Importer(815301076,1909f56bfc062723c751e8b465ee728b)
Start importing Assets/TextMesh Pro/Sprites/EmojiOne.png using Guid(dffef66376be4fa480fb02b19edbe903) Importer(815301076,1909f56bfc062723c751e8b465ee728b)  -> (artifact id: '387f6c334aaac547da006162a6a4637e') in 0.013182 seconds
  Import took 0.019074 seconds .

========================================================================
Received Import Request.
  Time since last request: 0.000153 seconds.
  path: Assets/TextMesh Pro/Resources/Fonts & Materials/LiberationSans SDF - Fallback.asset
  artifactKey: Guid(2e498d1c8094910479dc3e1b768306a4) Importer(815301076,1909f56bfc062723c751e8b465ee728b)
Start importing Assets/TextMesh Pro/Resources/Fonts & Materials/LiberationSans SDF - Fallback.asset using Guid(2e498d1c8094910479dc3e1b768306a4) Importer(815301076,1909f56bfc062723c751e8b465ee728b)  -> (artifact id: '37f3ddaf80957dd73851f500cd5cee93') in 0.029211 seconds
  Import took 0.035626 seconds .

========================================================================
Received Import Request.
  Time since last request: 0.000186 seconds.
  path: Assets/TextMesh Pro/Resources/Fonts & Materials/LiberationSans SDF.asset
  artifactKey: Guid(8f586378b4e144a9851e7b34d9b748ee) Importer(815301076,1909f56bfc062723c751e8b465ee728b)
Start importing Assets/TextMesh Pro/Resources/Fonts & Materials/LiberationSans SDF.asset using Guid(8f586378b4e144a9851e7b34d9b748ee) Importer(815301076,1909f56bfc062723c751e8b465ee728b)  -> (artifact id: '63e8952a398d8ebc273614306b0e220a') in 0.044463 seconds
  Import took 0.052215 seconds .

========================================================================
Received Import Request.
  Time since last request: 44.816006 seconds.
  path: Assets/_Textures/Quetzal_Island_Title.png
  artifactKey: Guid(f225514575f522149947ea5592561043) Importer(815301076,1909f56bfc062723c751e8b465ee728b)
Start importing Assets/_Textures/Quetzal_Island_Title.png using Guid(f225514575f522149947ea5592561043) Importer(815301076,1909f56bfc062723c751e8b465ee728b)  -> (artifact id: 'fdce6b054178a1b31a2798b3bba477f2') in 0.027455 seconds
  Import took 0.034737 seconds .

========================================================================
Received Import Request.
  Time since last request: 0.011364 seconds.
  path: Assets/_Textures/Quetzal_Island_Title.png
  artifactKey: Guid(f225514575f522149947ea5592561043) Importer(815301076,1909f56bfc062723c751e8b465ee728b)
Start importing Assets/_Textures/Quetzal_Island_Title.png using Guid(f225514575f522149947ea5592561043) Importer(815301076,1909f56bfc062723c751e8b465ee728b)  -> (artifact id: 'fdce6b054178a1b31a2798b3bba477f2') in 0.013696 seconds
  Import took 0.021025 seconds .

========================================================================
Received Prepare
Refreshing native plugins compatible for Editor in 2.03 ms, found 0 plugins.
Preloading 0 native plugins for Editor in 0.00 ms.
Unloading 26 Unused Serialized files (Serialized files now loaded: 0)
System memory in use before: 250.7 MB.
System memory in use after: 248.8 MB.

Unloading 26 unused Assets to reduce memory usage. Loaded Objects now: 5933.
Total: 7.684200 ms (FindLiveObjects: 0.604200 ms CreateObjectMapping: 0.134800 ms MarkObjects: 5.071100 ms  DeleteObjects: 1.873200 ms)

========================================================================
Received Import Request.
  Time since last request: 442.628107 seconds.
  path: Assets/_3D/Mouliner.controller
  artifactKey: Guid(9161dc01ef14815499f8b1c19b9fcbe7) Importer(815301076,1909f56bfc062723c751e8b465ee728b)
Start importing Assets/_3D/Mouliner.controller using Guid(9161dc01ef14815499f8b1c19b9fcbe7) Importer(815301076,1909f56bfc062723c751e8b465ee728b)  -> (artifact id: '8be5ac4b17b1b8d3e884cbf47d1d1467') in 0.033029 seconds
  Import took 0.040997 seconds .

========================================================================
Received Import Request.
  Time since last request: 0.005255 seconds.
  path: Assets/_3D/Mouliner.controller
  artifactKey: Guid(9161dc01ef14815499f8b1c19b9fcbe7) Importer(815301076,1909f56bfc062723c751e8b465ee728b)
Start importing Assets/_3D/Mouliner.controller using Guid(9161dc01ef14815499f8b1c19b9fcbe7) Importer(815301076,1909f56bfc062723c751e8b465ee728b)  -> (artifact id: '8be5ac4b17b1b8d3e884cbf47d1d1467') in 0.002756 seconds
  Import took 0.009782 seconds .

========================================================================
Received Import Request.
  Time since last request: 14.394819 seconds.
  path: Assets/_3D/Take 001.anim
  artifactKey: Guid(c3afcb93c9706d740abe8d7e4523896f) Importer(815301076,1909f56bfc062723c751e8b465ee728b)
Start importing Assets/_3D/Take 001.anim using Guid(c3afcb93c9706d740abe8d7e4523896f) Importer(815301076,1909f56bfc062723c751e8b465ee728b)  -> (artifact id: '493816e0a3d6f180b420ac1c178a506b') in 0.007910 seconds
  Import took 0.014786 seconds .

========================================================================
Received Import Request.
  Time since last request: 0.036613 seconds.
  path: Assets/_3D/Take 001.anim
  artifactKey: Guid(c3afcb93c9706d740abe8d7e4523896f) Importer(815301076,1909f56bfc062723c751e8b465ee728b)
Start importing Assets/_3D/Take 001.anim using Guid(c3afcb93c9706d740abe8d7e4523896f) Importer(815301076,1909f56bfc062723c751e8b465ee728b)  -> (artifact id: '493816e0a3d6f180b420ac1c178a506b') in 0.002749 seconds
  Import took 0.009085 seconds .

========================================================================
Received Import Request.
  Time since last request: 4.599477 seconds.
  path: Assets/_3D/Take 001.anim
  artifactKey: Guid(c3afcb93c9706d740abe8d7e4523896f) Importer(815301076,1909f56bfc062723c751e8b465ee728b)
Start importing Assets/_3D/Take 001.anim using Guid(c3afcb93c9706d740abe8d7e4523896f) Importer(815301076,1909f56bfc062723c751e8b465ee728b)  -> (artifact id: '930c95b0e83cd6fe73c22eb0615283b8') in 0.002733 seconds
  Import took 0.009824 seconds .

========================================================================
Received Import Request.
  Time since last request: 0.038783 seconds.
  path: Assets/_3D/Take 001.anim
  artifactKey: Guid(c3afcb93c9706d740abe8d7e4523896f) Importer(815301076,1909f56bfc062723c751e8b465ee728b)
Start importing Assets/_3D/Take 001.anim using Guid(c3afcb93c9706d740abe8d7e4523896f) Importer(815301076,1909f56bfc062723c751e8b465ee728b)  -> (artifact id: '930c95b0e83cd6fe73c22eb0615283b8') in 0.002565 seconds
  Import took 0.009631 seconds .

========================================================================
Received Import Request.
  Time since last request: 13.382732 seconds.
  path: Assets/_3D/Mouliner.controller
  artifactKey: Guid(9161dc01ef14815499f8b1c19b9fcbe7) Importer(815301076,1909f56bfc062723c751e8b465ee728b)
Start importing Assets/_3D/Mouliner.controller using Guid(9161dc01ef14815499f8b1c19b9fcbe7) Importer(815301076,1909f56bfc062723c751e8b465ee728b)  -> (artifact id: 'be5d9db91f180391d6ed2961a5c8aac3') in 0.004026 seconds
  Import took 0.012040 seconds .

========================================================================
Received Import Request.
  Time since last request: 5.449110 seconds.
  path: Assets/_Materials/MoulinerRose.mat
  artifactKey: Guid(8f0d56442da5f354183cc1384c0e4271) Importer(815301076,1909f56bfc062723c751e8b465ee728b)
Start importing Assets/_Materials/MoulinerRose.mat using Guid(8f0d56442da5f354183cc1384c0e4271) Importer(815301076,1909f56bfc062723c751e8b465ee728b)  -> (artifact id: '2dd9c4deaa025dc97a44034908ac2faf') in 0.092089 seconds
  Import took 0.100776 seconds .

========================================================================
Received Import Request.
  Time since last request: 126.644225 seconds.
  path: Assets/_Materials/Leaves.mat
  artifactKey: Guid(8434f476c1bf3e14b8dbf2059d457518) Importer(815301076,1909f56bfc062723c751e8b465ee728b)
Start importing Assets/_Materials/Leaves.mat using Guid(8434f476c1bf3e14b8dbf2059d457518) Importer(815301076,1909f56bfc062723c751e8b465ee728b)  -> (artifact id: '25c34e93165637b3ad17b6298b8828e6') in 0.027366 seconds
  Import took 0.034899 seconds .

========================================================================
Received Prepare
Registering precompiled user dll's ...
Registered in 0.002612 seconds.
Begin MonoManager ReloadAssembly
Native extension for WindowsStandalone target not found
Native extension for WebGL target not found
Refreshing native plugins compatible for Editor in 0.88 ms, found 0 plugins.
Preloading 0 native plugins for Editor in 0.00 ms.
Warning: Annotation not found!
UnityEngine.StackTraceUtility:ExtractStackTrace ()
UnityEditor.ProBuilder.EditorUtility:SetGizmoIconEnabled (System.Type,bool) (at Library/PackageCache/com.unity.probuilder@4.5.0/Editor/EditorCore/EditorUtility.cs:593)
UnityEditor.ProBuilder.HierarchyListener:.cctor () (at Library/PackageCache/com.unity.probuilder@4.5.0/Editor/EditorCore/HierarchyListener.cs:21)
System.Runtime.CompilerServices.RuntimeHelpers:RunClassConstructor (System.RuntimeTypeHandle)
UnityEditor.EditorAssemblies:ProcessInitializeOnLoadAttributes (System.Type[])

[Library/PackageCache/com.unity.probuilder@4.5.0/Editor/EditorCore/EditorUtility.cs line 593]

Invoked RoslynAnalysisRunner static constructor.
RoslynAnalysisRunner will not be running.
RoslynAnalysisRunner has terminated.
Mono: successfully reloaded assembly
- Completed reload, in  1.221 seconds
Platform modules already initialized, skipping
Refreshing native plugins compatible for Editor in 0.88 ms, found 0 plugins.
Preloading 0 native plugins for Editor in 0.00 ms.
Unloading 4490 Unused Serialized files (Serialized files now loaded: 0)
System memory in use before: 321.7 MB.
System memory in use after: 319.8 MB.

Unloading 35 unused Assets to reduce memory usage. Loaded Objects now: 5650.
Total: 6.382500 ms (FindLiveObjects: 0.678700 ms CreateObjectMapping: 0.142800 ms MarkObjects: 3.685000 ms  DeleteObjects: 1.874200 ms)

========================================================================
Received Import Request.
  Time since last request: 405.334125 seconds.
  path: Assets/Scenes/GameTitleScene.unity
  artifactKey: Guid(7f8b85016b7da854dba05c5ce1532060) Importer(815301076,1909f56bfc062723c751e8b465ee728b)
Start importing Assets/Scenes/GameTitleScene.unity using Guid(7f8b85016b7da854dba05c5ce1532060) Importer(815301076,1909f56bfc062723c751e8b465ee728b)  -> (artifact id: '83b216a744a33dcf838285e7affdd8d1') in 0.013024 seconds
  Import took 0.020232 seconds .

========================================================================
Received Import Request.
  Time since last request: 2.049844 seconds.
  path: Assets/Scenes/Floating Islands.unity
  artifactKey: Guid(7434d5c7fab31df4fada773a43762dd1) Importer(815301076,1909f56bfc062723c751e8b465ee728b)
Start importing Assets/Scenes/Floating Islands.unity using Guid(7434d5c7fab31df4fada773a43762dd1) Importer(815301076,1909f56bfc062723c751e8b465ee728b)  -> (artifact id: '35a0325140c3886708f41bd0a456a97e') in 0.005548 seconds
  Import took 0.012205 seconds .

========================================================================
Received Prepare
Registering precompiled user dll's ...
Registered in 0.003217 seconds.
Begin MonoManager ReloadAssembly
Native extension for WindowsStandalone target not found
Native extension for WebGL target not found
Refreshing native plugins compatible for Editor in 1.44 ms, found 0 plugins.
Preloading 0 native plugins for Editor in 0.00 ms.
Warning: Annotation not found!
UnityEngine.StackTraceUtility:ExtractStackTrace ()
UnityEditor.ProBuilder.EditorUtility:SetGizmoIconEnabled (System.Type,bool) (at Library/PackageCache/com.unity.probuilder@4.5.0/Editor/EditorCore/EditorUtility.cs:593)
UnityEditor.ProBuilder.HierarchyListener:.cctor () (at Library/PackageCache/com.unity.probuilder@4.5.0/Editor/EditorCore/HierarchyListener.cs:21)
System.Runtime.CompilerServices.RuntimeHelpers:RunClassConstructor (System.RuntimeTypeHandle)
UnityEditor.EditorAssemblies:ProcessInitializeOnLoadAttributes (System.Type[])

[Library/PackageCache/com.unity.probuilder@4.5.0/Editor/EditorCore/EditorUtility.cs line 593]

Invoked RoslynAnalysisRunner static constructor.
RoslynAnalysisRunner will not be running.
RoslynAnalysisRunner has terminated.
Mono: successfully reloaded assembly
- Completed reload, in  1.240 seconds
Platform modules already initialized, skipping
Refreshing native plugins compatible for Editor in 0.85 ms, found 0 plugins.
Preloading 0 native plugins for Editor in 0.00 ms.
Unloading 4490 Unused Serialized files (Serialized files now loaded: 0)
System memory in use before: 321.7 MB.
System memory in use after: 319.8 MB.

Unloading 35 unused Assets to reduce memory usage. Loaded Objects now: 5655.
Total: 5.676100 ms (FindLiveObjects: 0.588800 ms CreateObjectMapping: 0.133300 ms MarkObjects: 3.095600 ms  DeleteObjects: 1.857500 ms)

========================================================================
Received Prepare
Refreshing native plugins compatible for Editor in 2.08 ms, found 0 plugins.
Preloading 0 native plugins for Editor in 0.00 ms.
Unloading 26 Unused Serialized files (Serialized files now loaded: 0)
System memory in use before: 233.5 MB.
System memory in use after: 231.6 MB.

Unloading 26 unused Assets to reduce memory usage. Loaded Objects now: 5655.
Total: 5.928500 ms (FindLiveObjects: 0.591600 ms CreateObjectMapping: 0.132500 ms MarkObjects: 3.206800 ms  DeleteObjects: 1.996400 ms)

========================================================================
Received Import Request.
  Time since last request: 3030.135768 seconds.
  path: Assets/Scenes/Islands/IslandsHigh.asset
  artifactKey: Guid(5aa6f4690c009b047819f3ba5aa9a42b) Importer(815301076,1909f56bfc062723c751e8b465ee728b)
Start importing Assets/Scenes/Islands/IslandsHigh.asset using Guid(5aa6f4690c009b047819f3ba5aa9a42b) Importer(815301076,1909f56bfc062723c751e8b465ee728b)  -> (artifact id: 'f8dbf089307d479b88a83b238b38cc35') in 0.130879 seconds
  Import took 0.148883 seconds .

========================================================================
Received Import Request.
  Time since last request: 46.380643 seconds.
  path: Assets/Scenes/Islands/IslandsHigh.asset
  artifactKey: Guid(5aa6f4690c009b047819f3ba5aa9a42b) Importer(815301076,1909f56bfc062723c751e8b465ee728b)
Start importing Assets/Scenes/Islands/IslandsHigh.asset using Guid(5aa6f4690c009b047819f3ba5aa9a42b) Importer(815301076,1909f56bfc062723c751e8b465ee728b)  -> (artifact id: '692304bcc8baa4ad673d8bb2a5ed1090') in 0.027315 seconds
  Import took 0.037807 seconds .

========================================================================
Received Import Request.
  Time since last request: 8.397240 seconds.
  path: Assets/Scenes/Islands/IslandsHigh.asset
  artifactKey: Guid(5aa6f4690c009b047819f3ba5aa9a42b) Importer(815301076,1909f56bfc062723c751e8b465ee728b)
Start importing Assets/Scenes/Islands/IslandsHigh.asset using Guid(5aa6f4690c009b047819f3ba5aa9a42b) Importer(815301076,1909f56bfc062723c751e8b465ee728b)  -> (artifact id: '7560f927331331c10221daa73842ad4a') in 0.021829 seconds
  Import took 0.030962 seconds .

========================================================================
Received Import Request.
  Time since last request: 0.029609 seconds.
  path: Assets/Scenes/Islands/IslandsHigh.asset
  artifactKey: Guid(5aa6f4690c009b047819f3ba5aa9a42b) Importer(815301076,1909f56bfc062723c751e8b465ee728b)
Start importing Assets/Scenes/Islands/IslandsHigh.asset using Guid(5aa6f4690c009b047819f3ba5aa9a42b) Importer(815301076,1909f56bfc062723c751e8b465ee728b)  -> (artifact id: '7560f927331331c10221daa73842ad4a') in 0.024143 seconds
  Import took 0.033248 seconds .

========================================================================
Received Import Request.
  Time since last request: 24.518839 seconds.
  path: Assets/Scenes/Islands/IslandsHigh.asset
  artifactKey: Guid(5aa6f4690c009b047819f3ba5aa9a42b) Importer(815301076,1909f56bfc062723c751e8b465ee728b)
Start importing Assets/Scenes/Islands/IslandsHigh.asset using Guid(5aa6f4690c009b047819f3ba5aa9a42b) Importer(815301076,1909f56bfc062723c751e8b465ee728b)  -> (artifact id: 'b79ed5f89bc2354cd26a327efa47af08') in 0.018908 seconds
  Import took 0.027725 seconds .

========================================================================
Received Import Request.
  Time since last request: 35.073777 seconds.
  path: Assets/Scenes/Islands/IslandsHigh.asset
  artifactKey: Guid(5aa6f4690c009b047819f3ba5aa9a42b) Importer(815301076,1909f56bfc062723c751e8b465ee728b)
Start importing Assets/Scenes/Islands/IslandsHigh.asset using Guid(5aa6f4690c009b047819f3ba5aa9a42b) Importer(815301076,1909f56bfc062723c751e8b465ee728b)  -> (artifact id: '5a30980b39f408b122187d17410ebae8') in 0.018825 seconds
  Import took 0.028115 seconds .

========================================================================
Received Import Request.
  Time since last request: 78.760663 seconds.
  path: Assets/Scenes/Islands/IslandsHigh.asset
  artifactKey: Guid(5aa6f4690c009b047819f3ba5aa9a42b) Importer(815301076,1909f56bfc062723c751e8b465ee728b)
Start importing Assets/Scenes/Islands/IslandsHigh.asset using Guid(5aa6f4690c009b047819f3ba5aa9a42b) Importer(815301076,1909f56bfc062723c751e8b465ee728b)  -> (artifact id: '0cbbd821a6f9aa7454955e18d9f4a4e4') in 0.019476 seconds
  Import took 0.029233 seconds .

========================================================================
Received Import Request.
  Time since last request: 12.565991 seconds.
  path: Assets/Scenes/Islands/IslandsHigh.asset
  artifactKey: Guid(5aa6f4690c009b047819f3ba5aa9a42b) Importer(815301076,1909f56bfc062723c751e8b465ee728b)
Start importing Assets/Scenes/Islands/IslandsHigh.asset using Guid(5aa6f4690c009b047819f3ba5aa9a42b) Importer(815301076,1909f56bfc062723c751e8b465ee728b)  -> (artifact id: '29607173a5f905e1c7b73ef85d1505cc') in 0.019318 seconds
  Import took 0.028376 seconds .

========================================================================
Received Import Request.
  Time since last request: 26.498866 seconds.
  path: Assets/Scenes/Islands/IslandsMedium.asset
  artifactKey: Guid(808268d27e08837459e31b659876b950) Importer(815301076,1909f56bfc062723c751e8b465ee728b)
Start importing Assets/Scenes/Islands/IslandsMedium.asset using Guid(808268d27e08837459e31b659876b950) Importer(815301076,1909f56bfc062723c751e8b465ee728b)  -> (artifact id: '623508f428fcd24370dd03ee37cd97a2') in 0.023842 seconds
  Import took 0.032970 seconds .

========================================================================
Received Import Request.
  Time since last request: 0.030625 seconds.
  path: Assets/Scenes/Islands/IslandsMedium.asset
  artifactKey: Guid(808268d27e08837459e31b659876b950) Importer(815301076,1909f56bfc062723c751e8b465ee728b)
Start importing Assets/Scenes/Islands/IslandsMedium.asset using Guid(808268d27e08837459e31b659876b950) Importer(815301076,1909f56bfc062723c751e8b465ee728b)  -> (artifact id: '623508f428fcd24370dd03ee37cd97a2') in 0.018221 seconds
  Import took 0.026884 seconds .

========================================================================
Received Prepare
Registering precompiled user dll's ...
Registered in 0.029518 seconds.
Begin MonoManager ReloadAssembly
Native extension for WindowsStandalone target not found
Native extension for WebGL target not found
Refreshing native plugins compatible for Editor in 0.92 ms, found 0 plugins.
Preloading 0 native plugins for Editor in 0.00 ms.
Warning: Annotation not found!
UnityEngine.StackTraceUtility:ExtractStackTrace ()
UnityEditor.ProBuilder.EditorUtility:SetGizmoIconEnabled (System.Type,bool) (at Library/PackageCache/com.unity.probuilder@4.5.0/Editor/EditorCore/EditorUtility.cs:593)
UnityEditor.ProBuilder.HierarchyListener:.cctor () (at Library/PackageCache/com.unity.probuilder@4.5.0/Editor/EditorCore/HierarchyListener.cs:21)
System.Runtime.CompilerServices.RuntimeHelpers:RunClassConstructor (System.RuntimeTypeHandle)
UnityEditor.EditorAssemblies:ProcessInitializeOnLoadAttributes (System.Type[])

[Library/PackageCache/com.unity.probuilder@4.5.0/Editor/EditorCore/EditorUtility.cs line 593]

Invoked RoslynAnalysisRunner static constructor.
RoslynAnalysisRunner will not be running.
RoslynAnalysisRunner has terminated.
Mono: successfully reloaded assembly
- Completed reload, in  1.257 seconds
Platform modules already initialized, skipping
Refreshing native plugins compatible for Editor in 0.96 ms, found 0 plugins.
Preloading 0 native plugins for Editor in 0.00 ms.
Unloading 4490 Unused Serialized files (Serialized files now loaded: 0)
System memory in use before: 321.9 MB.
System memory in use after: 320.0 MB.

Unloading 35 unused Assets to reduce memory usage. Loaded Objects now: 5660.
Total: 6.806000 ms (FindLiveObjects: 0.940300 ms CreateObjectMapping: 0.178500 ms MarkObjects: 3.674300 ms  DeleteObjects: 2.012000 ms)

========================================================================
Received Import Request.
  Time since last request: 135.712503 seconds.
  path: Assets/Scenes/Islands/IslandsMedium.asset
  artifactKey: Guid(808268d27e08837459e31b659876b950) Importer(815301076,1909f56bfc062723c751e8b465ee728b)
Start importing Assets/Scenes/Islands/IslandsMedium.asset using Guid(808268d27e08837459e31b659876b950) Importer(815301076,1909f56bfc062723c751e8b465ee728b)  -> (artifact id: '57dbc3141a6493b86130a8db1c21f330') in 0.034331 seconds
  Import took 0.045450 seconds .

========================================================================
Received Import Request.
  Time since last request: 0.000266 seconds.
  path: Assets/Scenes/Floating Islands.unity
  artifactKey: Guid(7434d5c7fab31df4fada773a43762dd1) Importer(815301076,1909f56bfc062723c751e8b465ee728b)
Start importing Assets/Scenes/Floating Islands.unity using Guid(7434d5c7fab31df4fada773a43762dd1) Importer(815301076,1909f56bfc062723c751e8b465ee728b)  -> (artifact id: '83af26685176696cb8b040414cb40103') in 0.005854 seconds
  Import took 0.012353 seconds .

========================================================================
Received Import Request.
  Time since last request: 0.000187 seconds.
  path: Assets/Scenes/Islands/IslandsLow.asset
  artifactKey: Guid(f87393e7b992d4943bf10f998366b92d) Importer(815301076,1909f56bfc062723c751e8b465ee728b)
Start importing Assets/Scenes/Islands/IslandsLow.asset using Guid(f87393e7b992d4943bf10f998366b92d) Importer(815301076,1909f56bfc062723c751e8b465ee728b)  -> (artifact id: 'ae5c01468db8d1dc0127ad4e5aff489f') in 0.023579 seconds
  Import took 0.031561 seconds .

========================================================================
Received Prepare
Registering precompiled user dll's ...
Registered in 0.002622 seconds.
Begin MonoManager ReloadAssembly
Native extension for WindowsStandalone target not found
Native extension for WebGL target not found
Refreshing native plugins compatible for Editor in 0.88 ms, found 0 plugins.
Preloading 0 native plugins for Editor in 0.00 ms.
Warning: Annotation not found!
UnityEngine.StackTraceUtility:ExtractStackTrace ()
UnityEditor.ProBuilder.EditorUtility:SetGizmoIconEnabled (System.Type,bool) (at Library/PackageCache/com.unity.probuilder@4.5.0/Editor/EditorCore/EditorUtility.cs:593)
UnityEditor.ProBuilder.HierarchyListener:.cctor () (at Library/PackageCache/com.unity.probuilder@4.5.0/Editor/EditorCore/HierarchyListener.cs:21)
System.Runtime.CompilerServices.RuntimeHelpers:RunClassConstructor (System.RuntimeTypeHandle)
UnityEditor.EditorAssemblies:ProcessInitializeOnLoadAttributes (System.Type[])

[Library/PackageCache/com.unity.probuilder@4.5.0/Editor/EditorCore/EditorUtility.cs line 593]

Invoked RoslynAnalysisRunner static constructor.
RoslynAnalysisRunner will not be running.
RoslynAnalysisRunner has terminated.
Mono: successfully reloaded assembly
- Completed reload, in  1.155 seconds
Platform modules already initialized, skipping
Refreshing native plugins compatible for Editor in 0.86 ms, found 0 plugins.
Preloading 0 native plugins for Editor in 0.00 ms.
Unloading 4490 Unused Serialized files (Serialized files now loaded: 0)
System memory in use before: 321.9 MB.
System memory in use after: 320.0 MB.

Unloading 35 unused Assets to reduce memory usage. Loaded Objects now: 5665.
Total: 5.771300 ms (FindLiveObjects: 0.585300 ms CreateObjectMapping: 0.138900 ms MarkObjects: 3.180400 ms  DeleteObjects: 1.865300 ms)

========================================================================
Received Import Request.
  Time since last request: 262.907380 seconds.
  path: Assets/_Textures/Chrobot.otf
  artifactKey: Guid(f405d9b07227e0641a40485ca495ff2a) Importer(815301076,1909f56bfc062723c751e8b465ee728b)
Start importing Assets/_Textures/Chrobot.otf using Guid(f405d9b07227e0641a40485ca495ff2a) Importer(815301076,1909f56bfc062723c751e8b465ee728b)  -> (artifact id: '42129bdcf1908b4ef4605b87cff9d0c0') in 0.601595 seconds
  Import took 0.609446 seconds .

========================================================================
Received Import Request.
  Time since last request: 0.000727 seconds.
  path: Assets/TextMesh Pro/Fonts/LiberationSans.ttf
  artifactKey: Guid(e3265ab4bf004d28a9537516768c1c75) Importer(815301076,1909f56bfc062723c751e8b465ee728b)
Start importing Assets/TextMesh Pro/Fonts/LiberationSans.ttf using Guid(e3265ab4bf004d28a9537516768c1c75) Importer(815301076,1909f56bfc062723c751e8b465ee728b)  -> (artifact id: '6f75730df21690ddb2c6f9a51667a2b0') in 0.031880 seconds
  Import took 0.040344 seconds .

========================================================================
Received Import Request.
  Time since last request: 32.907824 seconds.
  path: Assets/_3D/FloatingIslands/Corrig/floating_stone 5.fbx
  artifactKey: Guid(5f18c5f4ab667184c9c45fc7cc87787a) Importer(815301076,1909f56bfc062723c751e8b465ee728b)
Start importing Assets/_3D/FloatingIslands/Corrig/floating_stone 5.fbx using Guid(5f18c5f4ab667184c9c45fc7cc87787a) Importer(815301076,1909f56bfc062723c751e8b465ee728b)  -> (artifact id: 'f920bc59d45df7f3ba971de59766e2ad') in 0.237496 seconds
  Import took 0.245250 seconds .

========================================================================
Received Import Request.
  Time since last request: 0.000180 seconds.
  path: Assets/TextMesh Pro/Resources/Fonts & Materials/LiberationSans SDF - Outline.mat
  artifactKey: Guid(79459efec17a4d00a321bdcc27bbc385) Importer(815301076,1909f56bfc062723c751e8b465ee728b)
Start importing Assets/TextMesh Pro/Resources/Fonts & Materials/LiberationSans SDF - Outline.mat using Guid(79459efec17a4d00a321bdcc27bbc385) Importer(815301076,1909f56bfc062723c751e8b465ee728b)  -> (artifact id: '323ceaeb651f62274cf103e39ba2c6f8') in 0.082135 seconds
  Import took 0.088415 seconds .

========================================================================
Received Import Request.
  Time since last request: 0.000153 seconds.
  path: Assets/TextMesh Pro/Resources/Fonts & Materials/LiberationSans SDF - Drop Shadow.mat
  artifactKey: Guid(e73a58f6e2794ae7b1b7e50b7fb811b0) Importer(815301076,1909f56bfc062723c751e8b465ee728b)
Start importing Assets/TextMesh Pro/Resources/Fonts & Materials/LiberationSans SDF - Drop Shadow.mat using Guid(e73a58f6e2794ae7b1b7e50b7fb811b0) Importer(815301076,1909f56bfc062723c751e8b465ee728b)  -> (artifact id: '260cb667fdc0e30ebc1d3b0433b71b6f') in 0.071805 seconds
  Import took 0.078984 seconds .

========================================================================
Received Import Request.
  Time since last request: 0.000174 seconds.
  path: Assets/_3D/FloatingIslands/Corrig/floating_stone 5.fbx
  artifactKey: Guid(5f18c5f4ab667184c9c45fc7cc87787a) Importer(815301076,1909f56bfc062723c751e8b465ee728b)
Start importing Assets/_3D/FloatingIslands/Corrig/floating_stone 5.fbx using Guid(5f18c5f4ab667184c9c45fc7cc87787a) Importer(815301076,1909f56bfc062723c751e8b465ee728b)  -> (artifact id: 'f920bc59d45df7f3ba971de59766e2ad') in 0.038719 seconds
  Import took 0.045129 seconds .

========================================================================
Received Prepare
Registering precompiled user dll's ...
Registered in 0.003198 seconds.
Begin MonoManager ReloadAssembly
Native extension for WindowsStandalone target not found
Native extension for WebGL target not found
Refreshing native plugins compatible for Editor in 0.90 ms, found 0 plugins.
Preloading 0 native plugins for Editor in 0.00 ms.
Warning: Annotation not found!
UnityEngine.StackTraceUtility:ExtractStackTrace ()
UnityEditor.ProBuilder.EditorUtility:SetGizmoIconEnabled (System.Type,bool) (at Library/PackageCache/com.unity.probuilder@4.5.0/Editor/EditorCore/EditorUtility.cs:593)
UnityEditor.ProBuilder.HierarchyListener:.cctor () (at Library/PackageCache/com.unity.probuilder@4.5.0/Editor/EditorCore/HierarchyListener.cs:21)
System.Runtime.CompilerServices.RuntimeHelpers:RunClassConstructor (System.RuntimeTypeHandle)
UnityEditor.EditorAssemblies:ProcessInitializeOnLoadAttributes (System.Type[])

[Library/PackageCache/com.unity.probuilder@4.5.0/Editor/EditorCore/EditorUtility.cs line 593]

Invoked RoslynAnalysisRunner static constructor.
RoslynAnalysisRunner will not be running.
RoslynAnalysisRunner has terminated.
Mono: successfully reloaded assembly
- Completed reload, in  1.238 seconds
Platform modules already initialized, skipping
Refreshing native plugins compatible for Editor in 0.94 ms, found 0 plugins.
Preloading 0 native plugins for Editor in 0.00 ms.
Unloading 4490 Unused Serialized files (Serialized files now loaded: 0)
System memory in use before: 322.7 MB.
System memory in use after: 320.8 MB.

Unloading 35 unused Assets to reduce memory usage. Loaded Objects now: 5779.
Total: 7.280100 ms (FindLiveObjects: 0.733500 ms CreateObjectMapping: 0.140400 ms MarkObjects: 4.411600 ms  DeleteObjects: 1.993200 ms)

========================================================================
Received Import Request.
  Time since last request: 219.736166 seconds.
  path: Assets/Scenes/Islands/IslandsHigh.asset
  artifactKey: Guid(5aa6f4690c009b047819f3ba5aa9a42b) Importer(815301076,1909f56bfc062723c751e8b465ee728b)
Start importing Assets/Scenes/Islands/IslandsHigh.asset using Guid(5aa6f4690c009b047819f3ba5aa9a42b) Importer(815301076,1909f56bfc062723c751e8b465ee728b)  -> (artifact id: '43fd54f33b0acea54c60b6ec7781e813') in 0.036195 seconds
  Import took 0.046237 seconds .

========================================================================
Received Import Request.
  Time since last request: 0.000161 seconds.
  path: Assets/Scenes/Islands/IslandsMedium.asset
  artifactKey: Guid(808268d27e08837459e31b659876b950) Importer(815301076,1909f56bfc062723c751e8b465ee728b)
Start importing Assets/Scenes/Islands/IslandsMedium.asset using Guid(808268d27e08837459e31b659876b950) Importer(815301076,1909f56bfc062723c751e8b465ee728b)  -> (artifact id: '737f4c3b400b17394e0b139b060979d7') in 0.020539 seconds
  Import took 0.029298 seconds .

========================================================================
Received Import Request.
  Time since last request: 0.000189 seconds.
  path: Assets/Scenes/Islands/IslandsLow.asset
  artifactKey: Guid(f87393e7b992d4943bf10f998366b92d) Importer(815301076,1909f56bfc062723c751e8b465ee728b)
Start importing Assets/Scenes/Islands/IslandsLow.asset using Guid(f87393e7b992d4943bf10f998366b92d) Importer(815301076,1909f56bfc062723c751e8b465ee728b)  -> (artifact id: 'bf9dff4721fc43f44c5fa1ffc581338f') in 0.019963 seconds
  Import took 0.029550 seconds .

========================================================================
Received Prepare
Registering precompiled user dll's ...
Registered in 0.002759 seconds.
Begin MonoManager ReloadAssembly
Native extension for WindowsStandalone target not found
Native extension for WebGL target not found
Refreshing native plugins compatible for Editor in 0.85 ms, found 0 plugins.
Preloading 0 native plugins for Editor in 0.00 ms.
Warning: Annotation not found!
UnityEngine.StackTraceUtility:ExtractStackTrace ()
UnityEditor.ProBuilder.EditorUtility:SetGizmoIconEnabled (System.Type,bool) (at Library/PackageCache/com.unity.probuilder@4.5.0/Editor/EditorCore/EditorUtility.cs:593)
UnityEditor.ProBuilder.HierarchyListener:.cctor () (at Library/PackageCache/com.unity.probuilder@4.5.0/Editor/EditorCore/HierarchyListener.cs:21)
System.Runtime.CompilerServices.RuntimeHelpers:RunClassConstructor (System.RuntimeTypeHandle)
UnityEditor.EditorAssemblies:ProcessInitializeOnLoadAttributes (System.Type[])

[Library/PackageCache/com.unity.probuilder@4.5.0/Editor/EditorCore/EditorUtility.cs line 593]

Invoked RoslynAnalysisRunner static constructor.
RoslynAnalysisRunner will not be running.
RoslynAnalysisRunner has terminated.
Mono: successfully reloaded assembly
- Completed reload, in  1.141 seconds
Platform modules already initialized, skipping
Refreshing native plugins compatible for Editor in 0.90 ms, found 0 plugins.
Preloading 0 native plugins for Editor in 0.00 ms.
Unloading 4490 Unused Serialized files (Serialized files now loaded: 0)
System memory in use before: 322.7 MB.
System memory in use after: 320.8 MB.

Unloading 35 unused Assets to reduce memory usage. Loaded Objects now: 5784.
Total: 7.649400 ms (FindLiveObjects: 0.669100 ms CreateObjectMapping: 0.140600 ms MarkObjects: 3.627800 ms  DeleteObjects: 3.153300 ms)

========================================================================
Received Prepare
Refreshing native plugins compatible for Editor in 2.05 ms, found 0 plugins.
Preloading 0 native plugins for Editor in 0.00 ms.
Unloading 26 Unused Serialized files (Serialized files now loaded: 0)
System memory in use before: 234.5 MB.
System memory in use after: 232.6 MB.

Unloading 26 unused Assets to reduce memory usage. Loaded Objects now: 5784.
Total: 5.927600 ms (FindLiveObjects: 0.569800 ms CreateObjectMapping: 0.139700 ms MarkObjects: 3.317000 ms  DeleteObjects: 1.899900 ms)

========================================================================
Received Prepare
Registering precompiled user dll's ...
Registered in 0.003566 seconds.
Begin MonoManager ReloadAssembly
Native extension for WindowsStandalone target not found
Native extension for WebGL target not found
Refreshing native plugins compatible for Editor in 0.89 ms, found 0 plugins.
Preloading 0 native plugins for Editor in 0.00 ms.
Warning: Annotation not found!
UnityEngine.StackTraceUtility:ExtractStackTrace ()
UnityEditor.ProBuilder.EditorUtility:SetGizmoIconEnabled (System.Type,bool) (at Library/PackageCache/com.unity.probuilder@4.5.0/Editor/EditorCore/EditorUtility.cs:593)
UnityEditor.ProBuilder.HierarchyListener:.cctor () (at Library/PackageCache/com.unity.probuilder@4.5.0/Editor/EditorCore/HierarchyListener.cs:21)
System.Runtime.CompilerServices.RuntimeHelpers:RunClassConstructor (System.RuntimeTypeHandle)
UnityEditor.EditorAssemblies:ProcessInitializeOnLoadAttributes (System.Type[])

[Library/PackageCache/com.unity.probuilder@4.5.0/Editor/EditorCore/EditorUtility.cs line 593]

Invoked RoslynAnalysisRunner static constructor.
RoslynAnalysisRunner will not be running.
RoslynAnalysisRunner has terminated.
Mono: successfully reloaded assembly
- Completed reload, in  1.252 seconds
Platform modules already initialized, skipping
Refreshing native plugins compatible for Editor in 1.05 ms, found 0 plugins.
Preloading 0 native plugins for Editor in 0.00 ms.
Unloading 4490 Unused Serialized files (Serialized files now loaded: 0)
System memory in use before: 322.7 MB.
System memory in use after: 320.8 MB.

Unloading 35 unused Assets to reduce memory usage. Loaded Objects now: 5789.
Total: 10.828600 ms (FindLiveObjects: 1.632300 ms CreateObjectMapping: 0.437300 ms MarkObjects: 6.081400 ms  DeleteObjects: 2.675500 ms)

========================================================================
Received Prepare
Registering precompiled user dll's ...
Registered in 0.002996 seconds.
Begin MonoManager ReloadAssembly
Native extension for WindowsStandalone target not found
Native extension for WebGL target not found
Refreshing native plugins compatible for Editor in 1.01 ms, found 0 plugins.
Preloading 0 native plugins for Editor in 0.00 ms.
Warning: Annotation not found!
UnityEngine.StackTraceUtility:ExtractStackTrace ()
UnityEditor.ProBuilder.EditorUtility:SetGizmoIconEnabled (System.Type,bool) (at Library/PackageCache/com.unity.probuilder@4.5.0/Editor/EditorCore/EditorUtility.cs:593)
UnityEditor.ProBuilder.HierarchyListener:.cctor () (at Library/PackageCache/com.unity.probuilder@4.5.0/Editor/EditorCore/HierarchyListener.cs:21)
System.Runtime.CompilerServices.RuntimeHelpers:RunClassConstructor (System.RuntimeTypeHandle)
UnityEditor.EditorAssemblies:ProcessInitializeOnLoadAttributes (System.Type[])

[Library/PackageCache/com.unity.probuilder@4.5.0/Editor/EditorCore/EditorUtility.cs line 593]

Invoked RoslynAnalysisRunner static constructor.
RoslynAnalysisRunner will not be running.
RoslynAnalysisRunner has terminated.
Mono: successfully reloaded assembly
- Completed reload, in  1.303 seconds
Platform modules already initialized, skipping
Refreshing native plugins compatible for Editor in 1.24 ms, found 0 plugins.
Preloading 0 native plugins for Editor in 0.00 ms.
Unloading 4490 Unused Serialized files (Serialized files now loaded: 0)
System memory in use before: 322.7 MB.
System memory in use after: 320.8 MB.

Unloading 35 unused Assets to reduce memory usage. Loaded Objects now: 5794.
Total: 7.607400 ms (FindLiveObjects: 1.060600 ms CreateObjectMapping: 0.181500 ms MarkObjects: 4.240400 ms  DeleteObjects: 2.123800 ms)

========================================================================
Received Prepare
Refreshing native plugins compatible for Editor in 2.17 ms, found 0 plugins.
Preloading 0 native plugins for Editor in 0.00 ms.
Unloading 26 Unused Serialized files (Serialized files now loaded: 0)
System memory in use before: 234.5 MB.
System memory in use after: 232.6 MB.

Unloading 26 unused Assets to reduce memory usage. Loaded Objects now: 5794.
Total: 6.795800 ms (FindLiveObjects: 0.608300 ms CreateObjectMapping: 0.133800 ms MarkObjects: 4.071000 ms  DeleteObjects: 1.981100 ms)

========================================================================
Received Import Request.
  Time since last request: 1334.101444 seconds.
  path: Assets/Scenes/Islands
  artifactKey: Guid(c64604be51d88b049b7ac5466e8b46cf) Importer(815301076,1909f56bfc062723c751e8b465ee728b)
Start importing Assets/Scenes/Islands using Guid(c64604be51d88b049b7ac5466e8b46cf) Importer(815301076,1909f56bfc062723c751e8b465ee728b)  -> (artifact id: '4b314434f41ac93c2ea67f3e27f1686e') in 0.006270 seconds
  Import took 0.014481 seconds .

========================================================================
Received Import Request.
  Time since last request: 0.000736 seconds.
  path: Assets/Scenes/Islands
  artifactKey: Guid(c64604be51d88b049b7ac5466e8b46cf) Importer(815301076,1909f56bfc062723c751e8b465ee728b)
Start importing Assets/Scenes/Islands using Guid(c64604be51d88b049b7ac5466e8b46cf) Importer(815301076,1909f56bfc062723c751e8b465ee728b)  -> (artifact id: '4b314434f41ac93c2ea67f3e27f1686e') in 0.001856 seconds
  Import took 0.007838 seconds .

AssetImportWorkerClient::OnTransportError - code=2 error=End of file
