Using pre-set license
Built from '2020.3/staging' branch; Version is '2020.3.0f1 (c7b5465681fb) revision 13088070'; Using compiler version '192528614'; Build Type 'Release'
OS: 'Windows 10 Pro; OS build 19042.867; Version 2009; 64bit' Language: 'fr' Physical Memory: 32717 MB
BatchMode: 1, IsHumanControllingUs: 0, StartBugReporterOnCrash: 0, Is64bit: 1, IsPro: 0

 COMMAND LINE ARGUMENTS:
C:\Program Files\Unity\Hub\Editor\2020.3.0f1\Editor\Unity.exe
-adb2
-batchMode
-noUpm
-name
AssetImportWorker3
-projectPath
J:/LTS_Workplace/Quetzal
-logFile
Logs/AssetImportWorker3.log
-srvPort
60346
Successfully changed project path to: J:/LTS_Workplace/Quetzal
J:/LTS_Workplace/Quetzal
Using Asset Import Pipeline V2.
Refreshing native plugins compatible for Editor in 85.16 ms, found 0 plugins.
Preloading 0 native plugins for Editor in 0.00 ms.
Initialize engine version: 2020.3.0f1 (c7b5465681fb)
[Subsystems] Discovering subsystems at path C:/Program Files/Unity/Hub/Editor/2020.3.0f1/Editor/Data/Resources/UnitySubsystems
[Subsystems] Discovering subsystems at path J:/LTS_Workplace/Quetzal/Assets
GfxDevice: creating device client; threaded=0
Direct3D:
    Version:  Direct3D 11.0 [level 11.1]
    Renderer: NVIDIA GeForce RTX 3080 (ID=0x2206)
    Vendor:   
    VRAM:     10077 MB
    Driver:   27.21.14.6172
Initialize mono
Mono path[0] = 'C:/Program Files/Unity/Hub/Editor/2020.3.0f1/Editor/Data/Managed'
Mono path[1] = 'C:/Program Files/Unity/Hub/Editor/2020.3.0f1/Editor/Data/MonoBleedingEdge/lib/mono/unityjit'
Mono config path = 'C:/Program Files/Unity/Hub/Editor/2020.3.0f1/Editor/Data/MonoBleedingEdge/etc'
Using monoOptions --debugger-agent=transport=dt_socket,embedding=1,server=y,suspend=n,address=127.0.0.1:56632
Begin MonoManager ReloadAssembly
Registering precompiled unity dll's ...
Register platform support module: C:/Program Files/Unity/Hub/Editor/2020.3.0f1/Editor/Data/PlaybackEngines/WebGLSupport/UnityEditor.WebGL.Extensions.dll
Register platform support module: C:/Program Files/Unity/Hub/Editor/2020.3.0f1/Editor/Data/PlaybackEngines/WindowsStandaloneSupport/UnityEditor.WindowsStandalone.Extensions.dll
Registered in 0.002060 seconds.
Native extension for WindowsStandalone target not found
Native extension for WebGL target not found
Refreshing native plugins compatible for Editor in 85.98 ms, found 0 plugins.
Preloading 0 native plugins for Editor in 0.00 ms.
Invoked RoslynAnalysisRunner static constructor.
RoslynAnalysisRunner will not be running.
RoslynAnalysisRunner has terminated.
Mono: successfully reloaded assembly
- Completed reload, in  0.965 seconds
Platform modules already initialized, skipping
Registering precompiled user dll's ...
Registered in 0.003467 seconds.
Begin MonoManager ReloadAssembly
Native extension for WindowsStandalone target not found
Native extension for WebGL target not found
Refreshing native plugins compatible for Editor in 90.05 ms, found 0 plugins.
Preloading 0 native plugins for Editor in 0.00 ms.
Invoked RoslynAnalysisRunner static constructor.
RoslynAnalysisRunner will not be running.
RoslynAnalysisRunner has terminated.
Mono: successfully reloaded assembly
- Completed reload, in  1.914 seconds
Platform modules already initialized, skipping
========================================================================
Worker process is ready to serve import requests
Launched and connected shader compiler UnityShaderCompiler.exe after 0.12 seconds
Refreshing native plugins compatible for Editor in 0.95 ms, found 0 plugins.
Preloading 0 native plugins for Editor in 0.00 ms.
Unloading 4814 Unused Serialized files (Serialized files now loaded: 0)
System memory in use before: 311.6 MB.
System memory in use after: 309.1 MB.

Unloading 177 unused Assets to reduce memory usage. Loaded Objects now: 5238.
Total: 5.071800 ms (FindLiveObjects: 0.559500 ms CreateObjectMapping: 0.130200 ms MarkObjects: 2.699500 ms  DeleteObjects: 1.681500 ms)

========================================================================
Received Import Request.
  path: Assets/_Prefabs/LeavesExplosion.prefab
  artifactKey: Guid(b797120cb1c826146a449fd8511b18c6) Importer(815301076,1909f56bfc062723c751e8b465ee728b)
Start importing Assets/_Prefabs/LeavesExplosion.prefab using Guid(b797120cb1c826146a449fd8511b18c6) Importer(815301076,1909f56bfc062723c751e8b465ee728b)  -> (artifact id: '7c1ace1b2de08e2ab09f0c2c59bc3094') in 0.050162 seconds
  Import took 0.056969 seconds .

========================================================================
Received Import Request.
  Time since last request: 6.720575 seconds.
  path: Assets/_Prefabs/Player.prefab
  artifactKey: Guid(6864ee4317e3e8e40897126cae55b906) Importer(815301076,1909f56bfc062723c751e8b465ee728b)
Start importing Assets/_Prefabs/Player.prefab using Guid(6864ee4317e3e8e40897126cae55b906) Importer(815301076,1909f56bfc062723c751e8b465ee728b)  -> (artifact id: '8c9d1fd309af2b6547ec807674a7168a') in 30.900870 seconds
  Import took 30.910604 seconds .

========================================================================
Received Prepare
Registering precompiled user dll's ...
Registered in 0.003150 seconds.
Begin MonoManager ReloadAssembly
Native extension for WindowsStandalone target not found
Native extension for WebGL target not found
Refreshing native plugins compatible for Editor in 1.18 ms, found 0 plugins.
Preloading 0 native plugins for Editor in 0.00 ms.
Warning: Annotation not found!
UnityEngine.StackTraceUtility:ExtractStackTrace ()
UnityEditor.ProBuilder.EditorUtility:SetGizmoIconEnabled (System.Type,bool) (at Library/PackageCache/com.unity.probuilder@4.5.0/Editor/EditorCore/EditorUtility.cs:593)
UnityEditor.ProBuilder.HierarchyListener:.cctor () (at Library/PackageCache/com.unity.probuilder@4.5.0/Editor/EditorCore/HierarchyListener.cs:21)
System.Runtime.CompilerServices.RuntimeHelpers:RunClassConstructor (System.RuntimeTypeHandle)
UnityEditor.EditorAssemblies:ProcessInitializeOnLoadAttributes (System.Type[])

[Library/PackageCache/com.unity.probuilder@4.5.0/Editor/EditorCore/EditorUtility.cs line 593]

Invoked RoslynAnalysisRunner static constructor.
RoslynAnalysisRunner will not be running.
RoslynAnalysisRunner has terminated.
Mono: successfully reloaded assembly
- Completed reload, in  1.293 seconds
Platform modules already initialized, skipping
Refreshing native plugins compatible for Editor in 0.89 ms, found 0 plugins.
Preloading 0 native plugins for Editor in 0.00 ms.
Unloading 4502 Unused Serialized files (Serialized files now loaded: 0)
System memory in use before: 318.9 MB.
System memory in use after: 316.8 MB.

Unloading 35 unused Assets to reduce memory usage. Loaded Objects now: 5384.
Total: 4.895100 ms (FindLiveObjects: 0.499700 ms CreateObjectMapping: 0.120800 ms MarkObjects: 2.810400 ms  DeleteObjects: 1.462700 ms)

========================================================================
Received Import Request.
  Time since last request: 148.442280 seconds.
  path: Assets/_Prefabs/Player.prefab
  artifactKey: Guid(6864ee4317e3e8e40897126cae55b906) Importer(815301076,1909f56bfc062723c751e8b465ee728b)
Start importing Assets/_Prefabs/Player.prefab using Guid(6864ee4317e3e8e40897126cae55b906) Importer(815301076,1909f56bfc062723c751e8b465ee728b)  -> (artifact id: '9a4fb101ab86af4b52685b722050aa15') in 1.744911 seconds
  Import took 1.753767 seconds .

========================================================================
Received Import Request.
  Time since last request: 0.000147 seconds.
  path: Assets/_Prefabs/Player.prefab
  artifactKey: Guid(6864ee4317e3e8e40897126cae55b906) Importer(815301076,1909f56bfc062723c751e8b465ee728b)
Start importing Assets/_Prefabs/Player.prefab using Guid(6864ee4317e3e8e40897126cae55b906) Importer(815301076,1909f56bfc062723c751e8b465ee728b)  -> (artifact id: '9a4fb101ab86af4b52685b722050aa15') in 1.108947 seconds
  Import took 1.119411 seconds .

========================================================================
Received Prepare
Registering precompiled user dll's ...
Registered in 0.002573 seconds.
Begin MonoManager ReloadAssembly
Native extension for WindowsStandalone target not found
Native extension for WebGL target not found
Refreshing native plugins compatible for Editor in 0.84 ms, found 0 plugins.
Preloading 0 native plugins for Editor in 0.00 ms.
Warning: Annotation not found!
UnityEngine.StackTraceUtility:ExtractStackTrace ()
UnityEditor.ProBuilder.EditorUtility:SetGizmoIconEnabled (System.Type,bool) (at Library/PackageCache/com.unity.probuilder@4.5.0/Editor/EditorCore/EditorUtility.cs:593)
UnityEditor.ProBuilder.HierarchyListener:.cctor () (at Library/PackageCache/com.unity.probuilder@4.5.0/Editor/EditorCore/HierarchyListener.cs:21)
System.Runtime.CompilerServices.RuntimeHelpers:RunClassConstructor (System.RuntimeTypeHandle)
UnityEditor.EditorAssemblies:ProcessInitializeOnLoadAttributes (System.Type[])

[Library/PackageCache/com.unity.probuilder@4.5.0/Editor/EditorCore/EditorUtility.cs line 593]

Invoked RoslynAnalysisRunner static constructor.
RoslynAnalysisRunner will not be running.
RoslynAnalysisRunner has terminated.
Mono: successfully reloaded assembly
- Completed reload, in  1.135 seconds
Platform modules already initialized, skipping
Refreshing native plugins compatible for Editor in 0.92 ms, found 0 plugins.
Preloading 0 native plugins for Editor in 0.00 ms.
Unloading 4487 Unused Serialized files (Serialized files now loaded: 0)
System memory in use before: 318.7 MB.
System memory in use after: 316.8 MB.

Unloading 35 unused Assets to reduce memory usage. Loaded Objects now: 5493.
Total: 5.105500 ms (FindLiveObjects: 0.478300 ms CreateObjectMapping: 0.129100 ms MarkObjects: 2.942700 ms  DeleteObjects: 1.554400 ms)

========================================================================
Received Import Request.
  Time since last request: 251.311019 seconds.
  path: Assets/_Materials/Leaves.mat
  artifactKey: Guid(8434f476c1bf3e14b8dbf2059d457518) Importer(815301076,1909f56bfc062723c751e8b465ee728b)
Start importing Assets/_Materials/Leaves.mat using Guid(8434f476c1bf3e14b8dbf2059d457518) Importer(815301076,1909f56bfc062723c751e8b465ee728b)  -> (artifact id: '46d88d854313841f43232a4ffa6931f9') in 0.478873 seconds
  Import took 0.486869 seconds .

========================================================================
Received Prepare
Registering precompiled user dll's ...
Registered in 0.002766 seconds.
Begin MonoManager ReloadAssembly
Native extension for WindowsStandalone target not found
Native extension for WebGL target not found
Refreshing native plugins compatible for Editor in 0.95 ms, found 0 plugins.
Preloading 0 native plugins for Editor in 0.00 ms.
Warning: Annotation not found!
UnityEngine.StackTraceUtility:ExtractStackTrace ()
UnityEditor.ProBuilder.EditorUtility:SetGizmoIconEnabled (System.Type,bool) (at Library/PackageCache/com.unity.probuilder@4.5.0/Editor/EditorCore/EditorUtility.cs:593)
UnityEditor.ProBuilder.HierarchyListener:.cctor () (at Library/PackageCache/com.unity.probuilder@4.5.0/Editor/EditorCore/HierarchyListener.cs:21)
System.Runtime.CompilerServices.RuntimeHelpers:RunClassConstructor (System.RuntimeTypeHandle)
UnityEditor.EditorAssemblies:ProcessInitializeOnLoadAttributes (System.Type[])

[Library/PackageCache/com.unity.probuilder@4.5.0/Editor/EditorCore/EditorUtility.cs line 593]

Invoked RoslynAnalysisRunner static constructor.
RoslynAnalysisRunner will not be running.
RoslynAnalysisRunner has terminated.
Mono: successfully reloaded assembly
- Completed reload, in  1.246 seconds
Platform modules already initialized, skipping
Refreshing native plugins compatible for Editor in 0.96 ms, found 0 plugins.
Preloading 0 native plugins for Editor in 0.00 ms.
Unloading 4487 Unused Serialized files (Serialized files now loaded: 0)
System memory in use before: 319.3 MB.
System memory in use after: 317.4 MB.

Unloading 35 unused Assets to reduce memory usage. Loaded Objects now: 5635.
Total: 7.259800 ms (FindLiveObjects: 1.311400 ms CreateObjectMapping: 0.194900 ms MarkObjects: 3.929700 ms  DeleteObjects: 1.822500 ms)

========================================================================
Received Prepare
Registering precompiled user dll's ...
Registered in 0.002592 seconds.
Begin MonoManager ReloadAssembly
Native extension for WindowsStandalone target not found
Native extension for WebGL target not found
Refreshing native plugins compatible for Editor in 0.87 ms, found 0 plugins.
Preloading 0 native plugins for Editor in 0.00 ms.
Warning: Annotation not found!
UnityEngine.StackTraceUtility:ExtractStackTrace ()
UnityEditor.ProBuilder.EditorUtility:SetGizmoIconEnabled (System.Type,bool) (at Library/PackageCache/com.unity.probuilder@4.5.0/Editor/EditorCore/EditorUtility.cs:593)
UnityEditor.ProBuilder.HierarchyListener:.cctor () (at Library/PackageCache/com.unity.probuilder@4.5.0/Editor/EditorCore/HierarchyListener.cs:21)
System.Runtime.CompilerServices.RuntimeHelpers:RunClassConstructor (System.RuntimeTypeHandle)
UnityEditor.EditorAssemblies:ProcessInitializeOnLoadAttributes (System.Type[])

[Library/PackageCache/com.unity.probuilder@4.5.0/Editor/EditorCore/EditorUtility.cs line 593]

Invoked RoslynAnalysisRunner static constructor.
RoslynAnalysisRunner will not be running.
RoslynAnalysisRunner has terminated.
Mono: successfully reloaded assembly
- Completed reload, in  1.128 seconds
Platform modules already initialized, skipping
Refreshing native plugins compatible for Editor in 0.87 ms, found 0 plugins.
Preloading 0 native plugins for Editor in 0.00 ms.
Unloading 4487 Unused Serialized files (Serialized files now loaded: 0)
System memory in use before: 319.3 MB.
System memory in use after: 317.4 MB.

Unloading 35 unused Assets to reduce memory usage. Loaded Objects now: 5640.
Total: 5.699500 ms (FindLiveObjects: 0.504800 ms CreateObjectMapping: 0.125900 ms MarkObjects: 3.383600 ms  DeleteObjects: 1.684100 ms)

========================================================================
Received Prepare
Registering precompiled user dll's ...
Registered in 0.002592 seconds.
Begin MonoManager ReloadAssembly
Native extension for WindowsStandalone target not found
Native extension for WebGL target not found
Refreshing native plugins compatible for Editor in 0.87 ms, found 0 plugins.
Preloading 0 native plugins for Editor in 0.00 ms.
Warning: Annotation not found!
UnityEngine.StackTraceUtility:ExtractStackTrace ()
UnityEditor.ProBuilder.EditorUtility:SetGizmoIconEnabled (System.Type,bool) (at Library/PackageCache/com.unity.probuilder@4.5.0/Editor/EditorCore/EditorUtility.cs:593)
UnityEditor.ProBuilder.HierarchyListener:.cctor () (at Library/PackageCache/com.unity.probuilder@4.5.0/Editor/EditorCore/HierarchyListener.cs:21)
System.Runtime.CompilerServices.RuntimeHelpers:RunClassConstructor (System.RuntimeTypeHandle)
UnityEditor.EditorAssemblies:ProcessInitializeOnLoadAttributes (System.Type[])

[Library/PackageCache/com.unity.probuilder@4.5.0/Editor/EditorCore/EditorUtility.cs line 593]

Invoked RoslynAnalysisRunner static constructor.
RoslynAnalysisRunner will not be running.
RoslynAnalysisRunner has terminated.
Mono: successfully reloaded assembly
- Completed reload, in  1.126 seconds
Platform modules already initialized, skipping
Refreshing native plugins compatible for Editor in 1.04 ms, found 0 plugins.
Preloading 0 native plugins for Editor in 0.00 ms.
Unloading 4487 Unused Serialized files (Serialized files now loaded: 0)
System memory in use before: 319.4 MB.
System memory in use after: 317.4 MB.

Unloading 35 unused Assets to reduce memory usage. Loaded Objects now: 5645.
Total: 6.514000 ms (FindLiveObjects: 0.485400 ms CreateObjectMapping: 0.135500 ms MarkObjects: 3.876400 ms  DeleteObjects: 2.014900 ms)

========================================================================
Received Prepare
Registering precompiled user dll's ...
Registered in 0.003348 seconds.
Begin MonoManager ReloadAssembly
Native extension for WindowsStandalone target not found
Native extension for WebGL target not found
Refreshing native plugins compatible for Editor in 1.31 ms, found 0 plugins.
Preloading 0 native plugins for Editor in 0.00 ms.
Warning: Annotation not found!
UnityEngine.StackTraceUtility:ExtractStackTrace ()
UnityEditor.ProBuilder.EditorUtility:SetGizmoIconEnabled (System.Type,bool) (at Library/PackageCache/com.unity.probuilder@4.5.0/Editor/EditorCore/EditorUtility.cs:593)
UnityEditor.ProBuilder.HierarchyListener:.cctor () (at Library/PackageCache/com.unity.probuilder@4.5.0/Editor/EditorCore/HierarchyListener.cs:21)
System.Runtime.CompilerServices.RuntimeHelpers:RunClassConstructor (System.RuntimeTypeHandle)
UnityEditor.EditorAssemblies:ProcessInitializeOnLoadAttributes (System.Type[])

[Library/PackageCache/com.unity.probuilder@4.5.0/Editor/EditorCore/EditorUtility.cs line 593]

Invoked RoslynAnalysisRunner static constructor.
RoslynAnalysisRunner will not be running.
RoslynAnalysisRunner has terminated.
Mono: successfully reloaded assembly
- Completed reload, in  1.337 seconds
Platform modules already initialized, skipping
Refreshing native plugins compatible for Editor in 0.88 ms, found 0 plugins.
Preloading 0 native plugins for Editor in 0.00 ms.
Unloading 4487 Unused Serialized files (Serialized files now loaded: 0)
System memory in use before: 319.4 MB.
System memory in use after: 317.5 MB.

Unloading 35 unused Assets to reduce memory usage. Loaded Objects now: 5650.
Total: 6.123300 ms (FindLiveObjects: 0.554800 ms CreateObjectMapping: 0.134200 ms MarkObjects: 3.562300 ms  DeleteObjects: 1.870600 ms)

========================================================================
Received Import Request.
  Time since last request: 303.189557 seconds.
  path: Assets/_Prefabs/LeavesExplosion.prefab
  artifactKey: Guid(b797120cb1c826146a449fd8511b18c6) Importer(815301076,1909f56bfc062723c751e8b465ee728b)
Start importing Assets/_Prefabs/LeavesExplosion.prefab using Guid(b797120cb1c826146a449fd8511b18c6) Importer(815301076,1909f56bfc062723c751e8b465ee728b)  -> (artifact id: '8d8e55068953a536f167db22641f308c') in 0.059725 seconds
  Import took 0.067514 seconds .

========================================================================
Received Import Request.
  Time since last request: 0.000881 seconds.
  path: Assets/_Prefabs/LeavesExplosion.prefab
  artifactKey: Guid(b797120cb1c826146a449fd8511b18c6) Importer(815301076,1909f56bfc062723c751e8b465ee728b)
Start importing Assets/_Prefabs/LeavesExplosion.prefab using Guid(b797120cb1c826146a449fd8511b18c6) Importer(815301076,1909f56bfc062723c751e8b465ee728b)  -> (artifact id: '8d8e55068953a536f167db22641f308c') in 0.004270 seconds
  Import took 0.011028 seconds .

========================================================================
Received Import Request.
  Time since last request: 3.925589 seconds.
  path: Assets/_Prefabs/LeavesExplosion.prefab
  artifactKey: Guid(b797120cb1c826146a449fd8511b18c6) Importer(815301076,1909f56bfc062723c751e8b465ee728b)
Start importing Assets/_Prefabs/LeavesExplosion.prefab using Guid(b797120cb1c826146a449fd8511b18c6) Importer(815301076,1909f56bfc062723c751e8b465ee728b)  -> (artifact id: '034ec0bf5d28cafef8ac03832397c953') in 0.004047 seconds
  Import took 0.010856 seconds .

========================================================================
Received Import Request.
  Time since last request: 0.017620 seconds.
  path: Assets/_Prefabs/LeavesExplosion.prefab
  artifactKey: Guid(b797120cb1c826146a449fd8511b18c6) Importer(815301076,1909f56bfc062723c751e8b465ee728b)
Start importing Assets/_Prefabs/LeavesExplosion.prefab using Guid(b797120cb1c826146a449fd8511b18c6) Importer(815301076,1909f56bfc062723c751e8b465ee728b)  -> (artifact id: '034ec0bf5d28cafef8ac03832397c953') in 0.003966 seconds
  Import took 0.010852 seconds .

========================================================================
Received Import Request.
  Time since last request: 11.267204 seconds.
  path: Assets/_Prefabs/LeavesExplosion.prefab
  artifactKey: Guid(b797120cb1c826146a449fd8511b18c6) Importer(815301076,1909f56bfc062723c751e8b465ee728b)
Start importing Assets/_Prefabs/LeavesExplosion.prefab using Guid(b797120cb1c826146a449fd8511b18c6) Importer(815301076,1909f56bfc062723c751e8b465ee728b)  -> (artifact id: '6a89d0842c37ff871e68496bf2901ff0') in 0.003974 seconds
  Import took 0.010812 seconds .

========================================================================
Received Import Request.
  Time since last request: 0.015378 seconds.
  path: Assets/_Prefabs/LeavesExplosion.prefab
  artifactKey: Guid(b797120cb1c826146a449fd8511b18c6) Importer(815301076,1909f56bfc062723c751e8b465ee728b)
Start importing Assets/_Prefabs/LeavesExplosion.prefab using Guid(b797120cb1c826146a449fd8511b18c6) Importer(815301076,1909f56bfc062723c751e8b465ee728b)  -> (artifact id: '6a89d0842c37ff871e68496bf2901ff0') in 0.004017 seconds
  Import took 0.010717 seconds .

========================================================================
Received Import Request.
  Time since last request: 2.497228 seconds.
  path: Assets/_Prefabs/LeavesExplosion.prefab
  artifactKey: Guid(b797120cb1c826146a449fd8511b18c6) Importer(815301076,1909f56bfc062723c751e8b465ee728b)
Start importing Assets/_Prefabs/LeavesExplosion.prefab using Guid(b797120cb1c826146a449fd8511b18c6) Importer(815301076,1909f56bfc062723c751e8b465ee728b)  -> (artifact id: '2cd1e20bb1fc1093357c06735ac1af6e') in 0.003894 seconds
  Import took 0.010443 seconds .

========================================================================
Received Import Request.
  Time since last request: 0.016364 seconds.
  path: Assets/_Prefabs/LeavesExplosion.prefab
  artifactKey: Guid(b797120cb1c826146a449fd8511b18c6) Importer(815301076,1909f56bfc062723c751e8b465ee728b)
Start importing Assets/_Prefabs/LeavesExplosion.prefab using Guid(b797120cb1c826146a449fd8511b18c6) Importer(815301076,1909f56bfc062723c751e8b465ee728b)  -> (artifact id: '2cd1e20bb1fc1093357c06735ac1af6e') in 0.003839 seconds
  Import took 0.011232 seconds .

========================================================================
Received Prepare
Registering precompiled user dll's ...
Registered in 0.002737 seconds.
Begin MonoManager ReloadAssembly
Native extension for WindowsStandalone target not found
Native extension for WebGL target not found
Refreshing native plugins compatible for Editor in 0.87 ms, found 0 plugins.
Preloading 0 native plugins for Editor in 0.00 ms.
Warning: Annotation not found!
UnityEngine.StackTraceUtility:ExtractStackTrace ()
UnityEditor.ProBuilder.EditorUtility:SetGizmoIconEnabled (System.Type,bool) (at Library/PackageCache/com.unity.probuilder@4.5.0/Editor/EditorCore/EditorUtility.cs:593)
UnityEditor.ProBuilder.HierarchyListener:.cctor () (at Library/PackageCache/com.unity.probuilder@4.5.0/Editor/EditorCore/HierarchyListener.cs:21)
System.Runtime.CompilerServices.RuntimeHelpers:RunClassConstructor (System.RuntimeTypeHandle)
UnityEditor.EditorAssemblies:ProcessInitializeOnLoadAttributes (System.Type[])

[Library/PackageCache/com.unity.probuilder@4.5.0/Editor/EditorCore/EditorUtility.cs line 593]

Invoked RoslynAnalysisRunner static constructor.
RoslynAnalysisRunner will not be running.
RoslynAnalysisRunner has terminated.
Mono: successfully reloaded assembly
- Completed reload, in  1.184 seconds
Platform modules already initialized, skipping
Refreshing native plugins compatible for Editor in 1.21 ms, found 0 plugins.
Preloading 0 native plugins for Editor in 0.00 ms.
Unloading 4487 Unused Serialized files (Serialized files now loaded: 0)
System memory in use before: 319.4 MB.
System memory in use after: 317.5 MB.

Unloading 35 unused Assets to reduce memory usage. Loaded Objects now: 5655.
Total: 6.641000 ms (FindLiveObjects: 0.625500 ms CreateObjectMapping: 0.141000 ms MarkObjects: 3.826100 ms  DeleteObjects: 2.046600 ms)

========================================================================
Received Import Request.
  Time since last request: 135.230852 seconds.
  path: Assets/_Prefabs/Player.prefab
  artifactKey: Guid(6864ee4317e3e8e40897126cae55b906) Importer(815301076,1909f56bfc062723c751e8b465ee728b)
Start importing Assets/_Prefabs/Player.prefab using Guid(6864ee4317e3e8e40897126cae55b906) Importer(815301076,1909f56bfc062723c751e8b465ee728b)  -> (artifact id: '32b76b5e2233c104149794303988fca4') in 0.539995 seconds
  Import took 0.549990 seconds .

========================================================================
Received Import Request.
  Time since last request: 54.022925 seconds.
  path: Assets/_Prefabs/MoulinéVent.fbx
  artifactKey: Guid(a7a69e577186cbf4fb98c40a2ab95010) Importer(815301076,1909f56bfc062723c751e8b465ee728b)
Start importing Assets/_Prefabs/MoulinéVent.fbx using Guid(a7a69e577186cbf4fb98c40a2ab95010) Importer(815301076,1909f56bfc062723c751e8b465ee728b)  -> (artifact id: '93571e67d255e95ffc181a9ef1fca835') in 0.206668 seconds
  Import took 0.214500 seconds .

========================================================================
Received Import Request.
  Time since last request: 47.909061 seconds.
  path: Assets/_3D/MoulinéVent.fbx
  artifactKey: Guid(14d053d7617f88c489ce20c321673be0) Importer(815301076,1909f56bfc062723c751e8b465ee728b)
Start importing Assets/_3D/MoulinéVent.fbx using Guid(14d053d7617f88c489ce20c321673be0) Importer(815301076,1909f56bfc062723c751e8b465ee728b)  -> (artifact id: 'd910b07df016b9764dba25c287b3e48f') in 0.084363 seconds
  Import took 0.092666 seconds .

========================================================================
Received Import Request.
  Time since last request: 70.239761 seconds.
  path: Assets/_Materials/MoulinerRose.mat
  artifactKey: Guid(8f0d56442da5f354183cc1384c0e4271) Importer(815301076,1909f56bfc062723c751e8b465ee728b)
Start importing Assets/_Materials/MoulinerRose.mat using Guid(8f0d56442da5f354183cc1384c0e4271) Importer(815301076,1909f56bfc062723c751e8b465ee728b)  -> (artifact id: 'b4cb96b36e1cc8e797c071cacbe2d6ee') in 0.023936 seconds
  Import took 0.031067 seconds .

========================================================================
Received Import Request.
  Time since last request: 160.638902 seconds.
  path: Assets/_3D/Mouliner.controller
  artifactKey: Guid(9161dc01ef14815499f8b1c19b9fcbe7) Importer(815301076,1909f56bfc062723c751e8b465ee728b)
Start importing Assets/_3D/Mouliner.controller using Guid(9161dc01ef14815499f8b1c19b9fcbe7) Importer(815301076,1909f56bfc062723c751e8b465ee728b)  -> (artifact id: 'b5bc17ad67a5396350b19756c9d55f1a') in 0.007934 seconds
  Import took 0.014760 seconds .

========================================================================
Received Prepare
Registering precompiled user dll's ...
Registered in 0.002694 seconds.
Begin MonoManager ReloadAssembly
Native extension for WindowsStandalone target not found
Native extension for WebGL target not found
Refreshing native plugins compatible for Editor in 0.91 ms, found 0 plugins.
Preloading 0 native plugins for Editor in 0.00 ms.
Warning: Annotation not found!
UnityEngine.StackTraceUtility:ExtractStackTrace ()
UnityEditor.ProBuilder.EditorUtility:SetGizmoIconEnabled (System.Type,bool) (at Library/PackageCache/com.unity.probuilder@4.5.0/Editor/EditorCore/EditorUtility.cs:593)
UnityEditor.ProBuilder.HierarchyListener:.cctor () (at Library/PackageCache/com.unity.probuilder@4.5.0/Editor/EditorCore/HierarchyListener.cs:21)
System.Runtime.CompilerServices.RuntimeHelpers:RunClassConstructor (System.RuntimeTypeHandle)
UnityEditor.EditorAssemblies:ProcessInitializeOnLoadAttributes (System.Type[])

[Library/PackageCache/com.unity.probuilder@4.5.0/Editor/EditorCore/EditorUtility.cs line 593]

Invoked RoslynAnalysisRunner static constructor.
RoslynAnalysisRunner will not be running.
RoslynAnalysisRunner has terminated.
Mono: successfully reloaded assembly
- Completed reload, in  1.186 seconds
Platform modules already initialized, skipping
Refreshing native plugins compatible for Editor in 0.87 ms, found 0 plugins.
Preloading 0 native plugins for Editor in 0.00 ms.
Unloading 4487 Unused Serialized files (Serialized files now loaded: 0)
System memory in use before: 320.1 MB.
System memory in use after: 318.2 MB.

Unloading 35 unused Assets to reduce memory usage. Loaded Objects now: 5767.
Total: 5.568200 ms (FindLiveObjects: 0.540500 ms CreateObjectMapping: 0.128200 ms MarkObjects: 3.128900 ms  DeleteObjects: 1.769100 ms)

========================================================================
Received Prepare
Registering precompiled user dll's ...
Registered in 0.002822 seconds.
Begin MonoManager ReloadAssembly
Native extension for WindowsStandalone target not found
Native extension for WebGL target not found
Refreshing native plugins compatible for Editor in 0.95 ms, found 0 plugins.
Preloading 0 native plugins for Editor in 0.00 ms.
Warning: Annotation not found!
UnityEngine.StackTraceUtility:ExtractStackTrace ()
UnityEditor.ProBuilder.EditorUtility:SetGizmoIconEnabled (System.Type,bool) (at Library/PackageCache/com.unity.probuilder@4.5.0/Editor/EditorCore/EditorUtility.cs:593)
UnityEditor.ProBuilder.HierarchyListener:.cctor () (at Library/PackageCache/com.unity.probuilder@4.5.0/Editor/EditorCore/HierarchyListener.cs:21)
System.Runtime.CompilerServices.RuntimeHelpers:RunClassConstructor (System.RuntimeTypeHandle)
UnityEditor.EditorAssemblies:ProcessInitializeOnLoadAttributes (System.Type[])

[Library/PackageCache/com.unity.probuilder@4.5.0/Editor/EditorCore/EditorUtility.cs line 593]

Invoked RoslynAnalysisRunner static constructor.
RoslynAnalysisRunner will not be running.
RoslynAnalysisRunner has terminated.
Mono: successfully reloaded assembly
- Completed reload, in  1.187 seconds
Platform modules already initialized, skipping
Refreshing native plugins compatible for Editor in 0.97 ms, found 0 plugins.
Preloading 0 native plugins for Editor in 0.00 ms.
Unloading 4487 Unused Serialized files (Serialized files now loaded: 0)
System memory in use before: 320.1 MB.
System memory in use after: 318.2 MB.

Unloading 35 unused Assets to reduce memory usage. Loaded Objects now: 5772.
Total: 5.980700 ms (FindLiveObjects: 0.660100 ms CreateObjectMapping: 0.135200 ms MarkObjects: 3.259800 ms  DeleteObjects: 1.923700 ms)

========================================================================
Received Prepare
Registering precompiled user dll's ...
Registered in 0.002824 seconds.
Begin MonoManager ReloadAssembly
Native extension for WindowsStandalone target not found
Native extension for WebGL target not found
Refreshing native plugins compatible for Editor in 0.93 ms, found 0 plugins.
Preloading 0 native plugins for Editor in 0.00 ms.
Warning: Annotation not found!
UnityEngine.StackTraceUtility:ExtractStackTrace ()
UnityEditor.ProBuilder.EditorUtility:SetGizmoIconEnabled (System.Type,bool) (at Library/PackageCache/com.unity.probuilder@4.5.0/Editor/EditorCore/EditorUtility.cs:593)
UnityEditor.ProBuilder.HierarchyListener:.cctor () (at Library/PackageCache/com.unity.probuilder@4.5.0/Editor/EditorCore/HierarchyListener.cs:21)
System.Runtime.CompilerServices.RuntimeHelpers:RunClassConstructor (System.RuntimeTypeHandle)
UnityEditor.EditorAssemblies:ProcessInitializeOnLoadAttributes (System.Type[])

[Library/PackageCache/com.unity.probuilder@4.5.0/Editor/EditorCore/EditorUtility.cs line 593]

Invoked RoslynAnalysisRunner static constructor.
RoslynAnalysisRunner will not be running.
RoslynAnalysisRunner has terminated.
Mono: successfully reloaded assembly
- Completed reload, in  1.202 seconds
Platform modules already initialized, skipping
Shader 'TextMeshPro/Distance Field Overlay': fallback shader 'TextMeshPro/Mobile/Distance Field' not found
Shader 'TextMeshPro/Distance Field SSD': fallback shader 'TextMeshPro/Mobile/Distance Field' not found
Shader 'TextMeshPro/Distance Field': fallback shader 'TextMeshPro/Mobile/Distance Field' not found
Refreshing native plugins compatible for Editor in 1.14 ms, found 0 plugins.
Preloading 0 native plugins for Editor in 0.00 ms.
Unloading 4501 Unused Serialized files (Serialized files now loaded: 0)
System memory in use before: 322.0 MB.
System memory in use after: 319.4 MB.

Unloading 48 unused Assets to reduce memory usage. Loaded Objects now: 5778.
Total: 6.732700 ms (FindLiveObjects: 1.024900 ms CreateObjectMapping: 0.170600 ms MarkObjects: 3.364200 ms  DeleteObjects: 2.170900 ms)

========================================================================
Received Import Request.
  Time since last request: 289.487660 seconds.
  path: Assets/_Prefabs/MenuCanvas.prefab
  artifactKey: Guid(e476206d3003b8441bf74f62da045f72) Importer(815301076,1909f56bfc062723c751e8b465ee728b)
Start importing Assets/_Prefabs/MenuCanvas.prefab using Guid(e476206d3003b8441bf74f62da045f72) Importer(815301076,1909f56bfc062723c751e8b465ee728b)  -> (artifact id: '7ec1ed6ee82a0c43d09fd55d5d3d0058') in 0.090922 seconds
  Import took 0.099695 seconds .

========================================================================
Received Import Request.
  Time since last request: 0.000223 seconds.
  path: Assets/_Prefabs/MenuStanding.prefab
  artifactKey: Guid(4cc75138c0ab2df46afbc099a696831d) Importer(815301076,1909f56bfc062723c751e8b465ee728b)
Start importing Assets/_Prefabs/MenuStanding.prefab using Guid(4cc75138c0ab2df46afbc099a696831d) Importer(815301076,1909f56bfc062723c751e8b465ee728b)  -> (artifact id: 'f781a5413d8fc04f784b919a14ef4b04') in 0.477253 seconds
  Import took 0.484942 seconds .

========================================================================
Received Prepare
Registering precompiled user dll's ...
Registered in 0.003479 seconds.
Begin MonoManager ReloadAssembly
Native extension for WindowsStandalone target not found
Native extension for WebGL target not found
Refreshing native plugins compatible for Editor in 1.18 ms, found 0 plugins.
Preloading 0 native plugins for Editor in 0.00 ms.
Warning: Annotation not found!
UnityEngine.StackTraceUtility:ExtractStackTrace ()
UnityEditor.ProBuilder.EditorUtility:SetGizmoIconEnabled (System.Type,bool) (at Library/PackageCache/com.unity.probuilder@4.5.0/Editor/EditorCore/EditorUtility.cs:593)
UnityEditor.ProBuilder.HierarchyListener:.cctor () (at Library/PackageCache/com.unity.probuilder@4.5.0/Editor/EditorCore/HierarchyListener.cs:21)
System.Runtime.CompilerServices.RuntimeHelpers:RunClassConstructor (System.RuntimeTypeHandle)
UnityEditor.EditorAssemblies:ProcessInitializeOnLoadAttributes (System.Type[])

[Library/PackageCache/com.unity.probuilder@4.5.0/Editor/EditorCore/EditorUtility.cs line 593]

Invoked RoslynAnalysisRunner static constructor.
RoslynAnalysisRunner will not be running.
RoslynAnalysisRunner has terminated.
Mono: successfully reloaded assembly
- Completed reload, in  1.231 seconds
Platform modules already initialized, skipping
Refreshing native plugins compatible for Editor in 0.89 ms, found 0 plugins.
Preloading 0 native plugins for Editor in 0.00 ms.
Unloading 4501 Unused Serialized files (Serialized files now loaded: 0)
System memory in use before: 322.4 MB.
System memory in use after: 319.8 MB.

Unloading 52 unused Assets to reduce memory usage. Loaded Objects now: 5887.
Total: 6.501200 ms (FindLiveObjects: 0.530000 ms CreateObjectMapping: 0.133500 ms MarkObjects: 3.686400 ms  DeleteObjects: 2.149900 ms)

AssetImportWorkerClient::OnTransportError - code=2 error=End of file
