Using pre-set license
Built from '2020.3/staging' branch; Version is '2020.3.0f1 (c7b5465681fb) revision 13088070'; Using compiler version '192528614'; Build Type 'Release'
OS: 'Windows 10 Pro; OS build 19042.867; Version 2009; 64bit' Language: 'fr' Physical Memory: 32717 MB
BatchMode: 1, IsHumanControllingUs: 0, StartBugReporterOnCrash: 0, Is64bit: 1, IsPro: 0

 COMMAND LINE ARGUMENTS:
C:\Program Files\Unity\Hub\Editor\2020.3.0f1\Editor\Unity.exe
-adb2
-batchMode
-noUpm
-name
AssetImportWorker2
-projectPath
J:/LTS_Workplace/Quetzal
-logFile
Logs/AssetImportWorker2.log
-srvPort
60346
Successfully changed project path to: J:/LTS_Workplace/Quetzal
J:/LTS_Workplace/Quetzal
Using Asset Import Pipeline V2.
Refreshing native plugins compatible for Editor in 88.25 ms, found 0 plugins.
Preloading 0 native plugins for Editor in 0.00 ms.
Initialize engine version: 2020.3.0f1 (c7b5465681fb)
[Subsystems] Discovering subsystems at path C:/Program Files/Unity/Hub/Editor/2020.3.0f1/Editor/Data/Resources/UnitySubsystems
[Subsystems] Discovering subsystems at path J:/LTS_Workplace/Quetzal/Assets
GfxDevice: creating device client; threaded=0
Direct3D:
    Version:  Direct3D 11.0 [level 11.1]
    Renderer: NVIDIA GeForce RTX 3080 (ID=0x2206)
    Vendor:   
    VRAM:     10077 MB
    Driver:   27.21.14.6172
Initialize mono
Mono path[0] = 'C:/Program Files/Unity/Hub/Editor/2020.3.0f1/Editor/Data/Managed'
Mono path[1] = 'C:/Program Files/Unity/Hub/Editor/2020.3.0f1/Editor/Data/MonoBleedingEdge/lib/mono/unityjit'
Mono config path = 'C:/Program Files/Unity/Hub/Editor/2020.3.0f1/Editor/Data/MonoBleedingEdge/etc'
Using monoOptions --debugger-agent=transport=dt_socket,embedding=1,server=y,suspend=n,address=127.0.0.1:56728
Begin MonoManager ReloadAssembly
Registering precompiled unity dll's ...
Register platform support module: C:/Program Files/Unity/Hub/Editor/2020.3.0f1/Editor/Data/PlaybackEngines/WebGLSupport/UnityEditor.WebGL.Extensions.dll
Register platform support module: C:/Program Files/Unity/Hub/Editor/2020.3.0f1/Editor/Data/PlaybackEngines/WindowsStandaloneSupport/UnityEditor.WindowsStandalone.Extensions.dll
Registered in 0.002113 seconds.
Native extension for WindowsStandalone target not found
Native extension for WebGL target not found
Refreshing native plugins compatible for Editor in 94.26 ms, found 0 plugins.
Preloading 0 native plugins for Editor in 0.00 ms.
Invoked RoslynAnalysisRunner static constructor.
RoslynAnalysisRunner will not be running.
RoslynAnalysisRunner has terminated.
Mono: successfully reloaded assembly
- Completed reload, in  1.300 seconds
Platform modules already initialized, skipping
Registering precompiled user dll's ...
Registered in 0.002361 seconds.
Begin MonoManager ReloadAssembly
Native extension for WindowsStandalone target not found
Native extension for WebGL target not found
Refreshing native plugins compatible for Editor in 92.91 ms, found 0 plugins.
Preloading 0 native plugins for Editor in 0.00 ms.
Invoked RoslynAnalysisRunner static constructor.
RoslynAnalysisRunner will not be running.
RoslynAnalysisRunner has terminated.
Mono: successfully reloaded assembly
- Completed reload, in  3.263 seconds
Platform modules already initialized, skipping
========================================================================
Worker process is ready to serve import requests
Launched and connected shader compiler UnityShaderCompiler.exe after 0.15 seconds
Refreshing native plugins compatible for Editor in 0.91 ms, found 0 plugins.
Preloading 0 native plugins for Editor in 0.00 ms.
Unloading 4813 Unused Serialized files (Serialized files now loaded: 0)
System memory in use before: 311.5 MB.
System memory in use after: 309.0 MB.

Unloading 177 unused Assets to reduce memory usage. Loaded Objects now: 5237.
Total: 5.536700 ms (FindLiveObjects: 0.550900 ms CreateObjectMapping: 0.133000 ms MarkObjects: 3.146200 ms  DeleteObjects: 1.705600 ms)

========================================================================
Received Import Request.
  path: Assets/MainMixer.mixer
  artifactKey: Guid(3ad3fbdd2c9045a449f2d699b93f0132) Importer(815301076,1909f56bfc062723c751e8b465ee728b)
Start importing Assets/MainMixer.mixer using Guid(3ad3fbdd2c9045a449f2d699b93f0132) Importer(815301076,1909f56bfc062723c751e8b465ee728b)  -> (artifact id: '71074d3c16fa5e85f8504208881d9962') in 0.028981 seconds
  Import took 0.036205 seconds .

========================================================================
Received Import Request.
  Time since last request: 1.877584 seconds.
  path: Assets/MainMixer.mixer
  artifactKey: Guid(3ad3fbdd2c9045a449f2d699b93f0132) Importer(815301076,1909f56bfc062723c751e8b465ee728b)
Start importing Assets/MainMixer.mixer using Guid(3ad3fbdd2c9045a449f2d699b93f0132) Importer(815301076,1909f56bfc062723c751e8b465ee728b)  -> (artifact id: '51f0dadde268e851b280c4342e93ad1e') in 0.002554 seconds
  Import took 0.008723 seconds .

========================================================================
Received Import Request.
  Time since last request: 1.688672 seconds.
  path: Assets/MainMixer.mixer
  artifactKey: Guid(3ad3fbdd2c9045a449f2d699b93f0132) Importer(815301076,1909f56bfc062723c751e8b465ee728b)
Start importing Assets/MainMixer.mixer using Guid(3ad3fbdd2c9045a449f2d699b93f0132) Importer(815301076,1909f56bfc062723c751e8b465ee728b)  -> (artifact id: '8ae5681cca1ded6f2b34cc0643f52be1') in 0.002544 seconds
  Import took 0.008503 seconds .

========================================================================
Received Import Request.
  Time since last request: 0.025964 seconds.
  path: Assets/MainMixer.mixer
  artifactKey: Guid(3ad3fbdd2c9045a449f2d699b93f0132) Importer(815301076,1909f56bfc062723c751e8b465ee728b)
Start importing Assets/MainMixer.mixer using Guid(3ad3fbdd2c9045a449f2d699b93f0132) Importer(815301076,1909f56bfc062723c751e8b465ee728b)  -> (artifact id: '8ae5681cca1ded6f2b34cc0643f52be1') in 0.002632 seconds
  Import took 0.008903 seconds .

========================================================================
Received Import Request.
  Time since last request: 2.061544 seconds.
  path: Assets/MainMixer.mixer
  artifactKey: Guid(3ad3fbdd2c9045a449f2d699b93f0132) Importer(815301076,1909f56bfc062723c751e8b465ee728b)
Start importing Assets/MainMixer.mixer using Guid(3ad3fbdd2c9045a449f2d699b93f0132) Importer(815301076,1909f56bfc062723c751e8b465ee728b)  -> (artifact id: '79e5cd58f7b6722962ec0917f90c3ed0') in 0.002528 seconds
  Import took 0.008714 seconds .

========================================================================
Received Import Request.
  Time since last request: 3.806871 seconds.
  path: Assets/MainMixer.mixer
  artifactKey: Guid(3ad3fbdd2c9045a449f2d699b93f0132) Importer(815301076,1909f56bfc062723c751e8b465ee728b)
Start importing Assets/MainMixer.mixer using Guid(3ad3fbdd2c9045a449f2d699b93f0132) Importer(815301076,1909f56bfc062723c751e8b465ee728b)  -> (artifact id: '67feb2b7f660bb816f02d4492ac516e3') in 0.002834 seconds
  Import took 0.008897 seconds .

========================================================================
Received Prepare
Registering precompiled user dll's ...
Registered in 0.004484 seconds.
Begin MonoManager ReloadAssembly
Native extension for WindowsStandalone target not found
Native extension for WebGL target not found
Refreshing native plugins compatible for Editor in 0.88 ms, found 0 plugins.
Preloading 0 native plugins for Editor in 0.00 ms.
Warning: Annotation not found!
UnityEngine.StackTraceUtility:ExtractStackTrace ()
UnityEditor.ProBuilder.EditorUtility:SetGizmoIconEnabled (System.Type,bool) (at Library/PackageCache/com.unity.probuilder@4.5.0/Editor/EditorCore/EditorUtility.cs:593)
UnityEditor.ProBuilder.HierarchyListener:.cctor () (at Library/PackageCache/com.unity.probuilder@4.5.0/Editor/EditorCore/HierarchyListener.cs:21)
System.Runtime.CompilerServices.RuntimeHelpers:RunClassConstructor (System.RuntimeTypeHandle)
UnityEditor.EditorAssemblies:ProcessInitializeOnLoadAttributes (System.Type[])

[Library/PackageCache/com.unity.probuilder@4.5.0/Editor/EditorCore/EditorUtility.cs line 593]

Invoked RoslynAnalysisRunner static constructor.
RoslynAnalysisRunner will not be running.
RoslynAnalysisRunner has terminated.
Mono: successfully reloaded assembly
- Completed reload, in  1.158 seconds
Platform modules already initialized, skipping
Refreshing native plugins compatible for Editor in 0.93 ms, found 0 plugins.
Preloading 0 native plugins for Editor in 0.00 ms.
Unloading 4490 Unused Serialized files (Serialized files now loaded: 0)
System memory in use before: 296.5 MB.
System memory in use after: 294.0 MB.

Unloading 39 unused Assets to reduce memory usage. Loaded Objects now: 5242.
Total: 5.547700 ms (FindLiveObjects: 0.583700 ms CreateObjectMapping: 0.124700 ms MarkObjects: 3.212000 ms  DeleteObjects: 1.626100 ms)

========================================================================
Received Import Request.
  Time since last request: 423.724267 seconds.
  path: Assets/Sounds/Impact_arbre.wav
  artifactKey: Guid(a8dc1ba14026d3840ade7518f5b0be21) Importer(815301076,1909f56bfc062723c751e8b465ee728b)
Start importing Assets/Sounds/Impact_arbre.wav using Guid(a8dc1ba14026d3840ade7518f5b0be21) Importer(815301076,1909f56bfc062723c751e8b465ee728b)  -> (artifact id: 'bf78e2f7eb28b0995fb5ad22d9d17dca') in 0.861137 seconds
  Import took 0.869679 seconds .

========================================================================
Received Import Request.
  Time since last request: 96.172390 seconds.
  path: Assets/_Prefabs/Player.prefab
  artifactKey: Guid(6864ee4317e3e8e40897126cae55b906) Importer(815301076,1909f56bfc062723c751e8b465ee728b)
Start importing Assets/_Prefabs/Player.prefab using Guid(6864ee4317e3e8e40897126cae55b906) Importer(815301076,1909f56bfc062723c751e8b465ee728b)  -> (artifact id: 'b517908cbb577975ba50d09704b2666b') in 2.701381 seconds
  Import took 2.713846 seconds .

========================================================================
Received Import Request.
  Time since last request: 0.000234 seconds.
  path: Assets/_Prefabs/Player.prefab
  artifactKey: Guid(6864ee4317e3e8e40897126cae55b906) Importer(815301076,1909f56bfc062723c751e8b465ee728b)
Start importing Assets/_Prefabs/Player.prefab using Guid(6864ee4317e3e8e40897126cae55b906) Importer(815301076,1909f56bfc062723c751e8b465ee728b)  -> (artifact id: 'b517908cbb577975ba50d09704b2666b') in 0.108152 seconds
  Import took 0.117877 seconds .

========================================================================
Received Import Request.
  Time since last request: 0.000203 seconds.
  path: Assets/_Prefabs/LeavesExplosion.prefab
  artifactKey: Guid(b797120cb1c826146a449fd8511b18c6) Importer(815301076,1909f56bfc062723c751e8b465ee728b)
Start importing Assets/_Prefabs/LeavesExplosion.prefab using Guid(b797120cb1c826146a449fd8511b18c6) Importer(815301076,1909f56bfc062723c751e8b465ee728b)  -> (artifact id: 'a126cfd3ef8b7d5d1b6039237a67f8af') in 0.020437 seconds
  Import took 0.027081 seconds .

========================================================================
Received Import Request.
  Time since last request: 0.000167 seconds.
  path: Assets/_Prefabs/Waters.prefab
  artifactKey: Guid(77409199e0ccc0247ad9db47d9de7a83) Importer(815301076,1909f56bfc062723c751e8b465ee728b)
Start importing Assets/_Prefabs/Waters.prefab using Guid(77409199e0ccc0247ad9db47d9de7a83) Importer(815301076,1909f56bfc062723c751e8b465ee728b)  -> (artifact id: '24eaaeb1b54d068013c9193f7bb141f6') in 0.191984 seconds
  Import took 0.197627 seconds .

========================================================================
Received Import Request.
  Time since last request: 0.004180 seconds.
  path: Assets/_Prefabs/Waters.prefab
  artifactKey: Guid(77409199e0ccc0247ad9db47d9de7a83) Importer(815301076,1909f56bfc062723c751e8b465ee728b)
Start importing Assets/_Prefabs/Waters.prefab using Guid(77409199e0ccc0247ad9db47d9de7a83) Importer(815301076,1909f56bfc062723c751e8b465ee728b)  -> (artifact id: '24eaaeb1b54d068013c9193f7bb141f6') in 0.169353 seconds
  Import took 0.175362 seconds .

========================================================================
Received Prepare
Registering precompiled user dll's ...
Registered in 0.002549 seconds.
Begin MonoManager ReloadAssembly
Native extension for WindowsStandalone target not found
Native extension for WebGL target not found
Refreshing native plugins compatible for Editor in 0.86 ms, found 0 plugins.
Preloading 0 native plugins for Editor in 0.00 ms.
Warning: Annotation not found!
UnityEngine.StackTraceUtility:ExtractStackTrace ()
UnityEditor.ProBuilder.EditorUtility:SetGizmoIconEnabled (System.Type,bool) (at Library/PackageCache/com.unity.probuilder@4.5.0/Editor/EditorCore/EditorUtility.cs:593)
UnityEditor.ProBuilder.HierarchyListener:.cctor () (at Library/PackageCache/com.unity.probuilder@4.5.0/Editor/EditorCore/HierarchyListener.cs:21)
System.Runtime.CompilerServices.RuntimeHelpers:RunClassConstructor (System.RuntimeTypeHandle)
UnityEditor.EditorAssemblies:ProcessInitializeOnLoadAttributes (System.Type[])

[Library/PackageCache/com.unity.probuilder@4.5.0/Editor/EditorCore/EditorUtility.cs line 593]

Invoked RoslynAnalysisRunner static constructor.
RoslynAnalysisRunner will not be running.
RoslynAnalysisRunner has terminated.
Mono: successfully reloaded assembly
- Completed reload, in  1.193 seconds
Platform modules already initialized, skipping
Refreshing native plugins compatible for Editor in 0.85 ms, found 0 plugins.
Preloading 0 native plugins for Editor in 0.00 ms.
Unloading 4502 Unused Serialized files (Serialized files now loaded: 0)
System memory in use before: 319.1 MB.
System memory in use after: 317.0 MB.

Unloading 35 unused Assets to reduce memory usage. Loaded Objects now: 5391.
Total: 5.227000 ms (FindLiveObjects: 0.504700 ms CreateObjectMapping: 0.121000 ms MarkObjects: 3.193000 ms  DeleteObjects: 1.407000 ms)

========================================================================
Received Import Request.
  Time since last request: 479.440673 seconds.
  path: Assets/BetterAudio/Source/Demo/zapsplat_vehicles_submarine_sonar_ping_single_28800.wav
  artifactKey: Guid(1e6d4788b0c93164b8d19da15bc698d7) Importer(815301076,1909f56bfc062723c751e8b465ee728b)
Start importing Assets/BetterAudio/Source/Demo/zapsplat_vehicles_submarine_sonar_ping_single_28800.wav using Guid(1e6d4788b0c93164b8d19da15bc698d7) Importer(815301076,1909f56bfc062723c751e8b465ee728b)  -> (artifact id: 'ada7845a51bdec7252cd47639b8091f5') in 0.106828 seconds
  Import took 0.114444 seconds .

========================================================================
Received Prepare
Registering precompiled user dll's ...
Registered in 0.002643 seconds.
Begin MonoManager ReloadAssembly
* Assertion at ..\mono\mini\mini-generic-sharing.c:877, condition `oti' not met

Crash!!!
SymInit: Symbol-SearchPath: 'C:/Program Files/Unity/Hub/Editor/2020.3.0f1/Editor/Data/Mono;.;J:\LTS_Workplace\Quetzal;C:\Program Files\Unity\Hub\Editor\2020.3.0f1\Editor;C:\WINDOWS;C:\WINDOWS\system32;SRV*C:\websymbols*http://msdl.microsoft.com/download/symbols;', symOptions: 534, UserName: 'Raph'
OS-Version: 10.0.0
C:\Program Files\Unity\Hub\Editor\2020.3.0f1\Editor\Unity.exe:Unity.exe (00007FF7B2570000), size: 134467584 (result: 0), SymType: '-deferred-', PDB: '', fileVersion: 2020.3.0.46406
C:\WINDOWS\SYSTEM32\ntdll.dll:ntdll.dll (00007FFE3F330000), size: 2052096 (result: 0), SymType: '-deferred-', PDB: '', fileVersion: 10.0.19041.844
C:\WINDOWS\System32\KERNEL32.DLL:KERNEL32.DLL (00007FFE3F230000), size: 774144 (result: 0), SymType: '-deferred-', PDB: '', fileVersion: 10.0.19041.804
C:\WINDOWS\System32\KERNELBASE.dll:KERNELBASE.dll (00007FFE3CB90000), size: 2920448 (result: 0), SymType: '-deferred-', PDB: '', fileVersion: 10.0.19041.804
C:\WINDOWS\System32\CRYPT32.dll:CRYPT32.dll (00007FFE3D130000), size: 1437696 (result: 0), SymType: '-deferred-', PDB: '', fileVersion: 10.0.19041.844
C:\WINDOWS\System32\ucrtbase.dll:ucrtbase.dll (00007FFE3D290000), size: 1048576 (result: 0), SymType: '-deferred-', PDB: '', fileVersion: 10.0.19041.789
C:\WINDOWS\System32\USER32.dll:USER32.dll (00007FFE3EE50000), size: 1703936 (result: 0), SymType: '-deferred-', PDB: '', fileVersion: 10.0.19041.746
C:\WINDOWS\System32\win32u.dll:win32u.dll (00007FFE3D0A0000), size: 139264 (result: 0), SymType: '-deferred-', PDB: '', fileVersion: 10.0.19041.867
C:\Program Files\Unity\Hub\Editor\2020.3.0f1\Editor\libfbxsdk.dll:libfbxsdk.dll (00007FFDA3F80000), size: 8974336 (result: 0), SymType: '-deferred-', PDB: '', fileVersion: 2020.0.0.0
C:\Program Files\Unity\Hub\Editor\2020.3.0f1\Editor\OpenImageDenoise.dll:OpenImageDenoise.dll (00007FFD97090000), size: 43806720 (result: 0), SymType: '-deferred-', PDB: ''
C:\Program Files\Unity\Hub\Editor\2020.3.0f1\Editor\optix.6.0.0.dll:optix.6.0.0.dll (00007FFE0A660000), size: 208896 (result: 0), SymType: '-deferred-', PDB: '', fileVersion: 6.0.0.0
C:\WINDOWS\System32\GDI32.dll:GDI32.dll (00007FFE3E6C0000), size: 172032 (result: 0), SymType: '-deferred-', PDB: '', fileVersion: 10.0.19041.746
C:\WINDOWS\System32\gdi32full.dll:gdi32full.dll (00007FFE3CF40000), size: 1093632 (result: 0), SymType: '-deferred-', PDB: '', fileVersion: 10.0.19041.746
C:\WINDOWS\System32\msvcp_win.dll:msvcp_win.dll (00007FFE3CA70000), size: 643072 (result: 0), SymType: '-deferred-', PDB: '', fileVersion: 10.0.19041.789
C:\WINDOWS\System32\ADVAPI32.dll:ADVAPI32.dll (00007FFE3F180000), size: 704512 (result: 0), SymType: '-deferred-', PDB: '', fileVersion: 10.0.19041.610
C:\Program Files\Unity\Hub\Editor\2020.3.0f1\Editor\FreeImage.dll:FreeImage.dll (0000000180000000), size: 6414336 (result: 0), SymType: '-deferred-', PDB: '', fileVersion: 3.18.0.0
C:\WINDOWS\System32\msvcrt.dll:msvcrt.dll (00007FFE3DB90000), size: 647168 (result: 0), SymType: '-deferred-', PDB: '', fileVersion: 7.0.19041.546
C:\WINDOWS\System32\SHELL32.dll:SHELL32.dll (00007FFE3E6F0000), size: 7610368 (result: 0), SymType: '-deferred-', PDB: '', fileVersion: 10.0.19041.844
C:\Program Files\Unity\Hub\Editor\2020.3.0f1\Editor\umbraoptimizer64.dll:umbraoptimizer64.dll (00007FFDF4EE0000), size: 1306624 (result: 0), SymType: '-deferred-', PDB: ''
C:\WINDOWS\System32\sechost.dll:sechost.dll (00007FFE3DF20000), size: 638976 (result: 0), SymType: '-deferred-', PDB: '', fileVersion: 10.0.19041.789
C:\WINDOWS\System32\WS2_32.dll:WS2_32.dll (00007FFE3DC30000), size: 438272 (result: 0), SymType: '-deferred-', PDB: '', fileVersion: 10.0.19041.546
C:\WINDOWS\System32\SHLWAPI.dll:SHLWAPI.dll (00007FFE3F110000), size: 348160 (result: 0), SymType: '-deferred-', PDB: '', fileVersion: 10.0.19041.746
C:\WINDOWS\System32\RPCRT4.dll:RPCRT4.dll (00007FFE3D9D0000), size: 1224704 (result: 0), SymType: '-deferred-', PDB: '', fileVersion: 10.0.19041.746
C:\WINDOWS\System32\ole32.dll:ole32.dll (00007FFE3E4E0000), size: 1220608 (result: 0), SymType: '-deferred-', PDB: '', fileVersion: 10.0.19041.746
C:\WINDOWS\System32\WLDAP32.dll:WLDAP32.dll (00007FFE3D3A0000), size: 352256 (result: 0), SymType: '-deferred-', PDB: '', fileVersion: 10.0.19041.546
C:\WINDOWS\System32\combase.dll:combase.dll (00007FFE3D670000), size: 3493888 (result: 0), SymType: '-deferred-', PDB: '', fileVersion: 10.0.19041.844
C:\Program Files\Unity\Hub\Editor\2020.3.0f1\Editor\ispc_texcomp.dll:ispc_texcomp.dll (00007FFDA8010000), size: 1609728 (result: 0), SymType: '-deferred-', PDB: ''
C:\Program Files\Unity\Hub\Editor\2020.3.0f1\Editor\WinPixEventRuntime.dll:WinPixEventRuntime.dll (00007FFE36DD0000), size: 45056 (result: 0), SymType: '-deferred-', PDB: '', fileVersion: 1.0.1812.6001
C:\WINDOWS\System32\Normaliz.dll:Normaliz.dll (00007FFE3D390000), size: 32768 (result: 0), SymType: '-deferred-', PDB: '', fileVersion: 10.0.19041.546
C:\WINDOWS\System32\IMM32.dll:IMM32.dll (00007FFE3DEF0000), size: 196608 (result: 0), SymType: '-deferred-', PDB: '', fileVersion: 10.0.19041.546
C:\WINDOWS\System32\SETUPAPI.dll:SETUPAPI.dll (00007FFE3E070000), size: 4624384 (result: 0), SymType: '-deferred-', PDB: '', fileVersion: 10.0.19041.844
C:\Program Files\Unity\Hub\Editor\2020.3.0f1\Editor\tbb.dll:tbb.dll (00007FFDFB380000), size: 413696 (result: 0), SymType: '-deferred-', PDB: '', fileVersion: 2017.0.2016.1004
C:\WINDOWS\System32\cfgmgr32.dll:cfgmgr32.dll (00007FFE3D050000), size: 319488 (result: 0), SymType: '-deferred-', PDB: '', fileVersion: 10.0.19041.546
C:\WINDOWS\SYSTEM32\VCRUNTIME140.dll:VCRUNTIME140.dll (00007FFE215A0000), size: 102400 (result: 0), SymType: '-deferred-', PDB: '', fileVersion: 14.28.29334.0
C:\WINDOWS\System32\bcrypt.dll:bcrypt.dll (00007FFE3CE60000), size: 159744 (result: 0), SymType: '-deferred-', PDB: '', fileVersion: 10.0.19041.662
C:\WINDOWS\System32\OLEAUT32.dll:OLEAUT32.dll (00007FFE3D400000), size: 839680 (result: 0), SymType: '-deferred-', PDB: '', fileVersion: 10.0.19041.804
C:\WINDOWS\SYSTEM32\GLU32.dll:GLU32.dll (00007FFE19E50000), size: 180224 (result: 0), SymType: '-deferred-', PDB: '', fileVersion: 10.0.19041.844
C:\WINDOWS\SYSTEM32\OPENGL32.dll:OPENGL32.dll (00007FFDD9E10000), size: 1204224 (result: 0), SymType: '-deferred-', PDB: '', fileVersion: 10.0.19041.844
C:\WINDOWS\SYSTEM32\IPHLPAPI.DLL:IPHLPAPI.DLL (00007FFE3BE80000), size: 241664 (result: 0), SymType: '-deferred-', PDB: '', fileVersion: 10.0.19041.546
C:\WINDOWS\System32\WINTRUST.dll:WINTRUST.dll (00007FFE3D0D0000), size: 393216 (result: 0), SymType: '-deferred-', PDB: '', fileVersion: 10.0.19041.804
C:\WINDOWS\SYSTEM32\MSVCP140.dll:MSVCP140.dll (00007FFE1F2F0000), size: 598016 (result: 0), SymType: '-deferred-', PDB: '', fileVersion: 14.28.29334.0
C:\WINDOWS\SYSTEM32\MSVCP120.dll:MSVCP120.dll (00007FFDF46B0000), size: 679936 (result: 0), SymType: '-deferred-', PDB: '', fileVersion: 12.0.40660.0
C:\WINDOWS\SYSTEM32\CRYPTBASE.DLL:CRYPTBASE.DLL (00007FFE3C360000), size: 49152 (result: 0), SymType: '-deferred-', PDB: '', fileVersion: 10.0.19041.546
C:\WINDOWS\SYSTEM32\WINHTTP.dll:WINHTTP.dll (00007FFE367A0000), size: 1097728 (result: 0), SymType: '-deferred-', PDB: '', fileVersion: 10.0.19041.844
C:\WINDOWS\SYSTEM32\MSVCR120.dll:MSVCR120.dll (00007FFDD5400000), size: 978944 (result: 0), SymType: '-deferred-', PDB: '', fileVersion: 12.0.40660.0
C:\WINDOWS\SYSTEM32\WINMM.dll:WINMM.dll (00007FFE32530000), size: 159744 (result: 0), SymType: '-deferred-', PDB: '', fileVersion: 10.0.19041.546
C:\WINDOWS\SYSTEM32\HID.DLL:HID.DLL (00007FFE3B360000), size: 53248 (result: 0), SymType: '-deferred-', PDB: '', fileVersion: 10.0.19041.546
C:\Program Files\Unity\Hub\Editor\2020.3.0f1\Editor\RadeonImageFilters.dll:RadeonImageFilters.dll (00007FFDA70B0000), size: 2535424 (result: 0), SymType: '-deferred-', PDB: '', fileVersion: 1.5.1.0
C:\Program Files\Unity\Hub\Editor\2020.3.0f1\Editor\SketchUpAPI.dll:SketchUpAPI.dll (00007FFDA36F0000), size: 8978432 (result: 0), SymType: '-deferred-', PDB: '', fileVersion: 19.0.753.0
C:\WINDOWS\SYSTEM32\VERSION.dll:VERSION.dll (00007FFE33990000), size: 40960 (result: 0), SymType: '-deferred-', PDB: '', fileVersion: 10.0.19041.546
C:\WINDOWS\SYSTEM32\WSOCK32.dll:WSOCK32.dll (00007FFE10AE0000), size: 36864 (result: 0), SymType: '-deferred-', PDB: '', fileVersion: 10.0.19041.1
C:\WINDOWS\SYSTEM32\VCRUNTIME140_1.dll:VCRUNTIME140_1.dll (00007FFE21560000), size: 49152 (result: 0), SymType: '-deferred-', PDB: '', fileVersion: 14.28.29334.0
C:\Program Files\Unity\Hub\Editor\2020.3.0f1\Editor\SketchUpCommonPreferences.dll:SketchUpCommonPreferences.dll (00007FFDFBD30000), size: 483328 (result: 0), SymType: '-deferred-', PDB: '', fileVersion: 19.0.753.20342
C:\WINDOWS\SYSTEM32\Secur32.dll:Secur32.dll (00007FFE27440000), size: 49152 (result: 0), SymType: '-deferred-', PDB: '', fileVersion: 10.0.19041.546
C:\WINDOWS\SYSTEM32\SSPICLI.DLL:SSPICLI.DLL (00007FFE3C960000), size: 245760 (result: 0), SymType: '-deferred-', PDB: '', fileVersion: 10.0.19041.662
C:\Program Files\Unity\Hub\Editor\2020.3.0f1\Editor\OpenRL.dll:OpenRL.dll (000002647D620000), size: 12779520 (result: 0), SymType: '-deferred-', PDB: '', fileVersion: 1.5.0.2907
C:\WINDOWS\SYSTEM32\MSVCR100.dll:MSVCR100.dll (0000000057AC0000), size: 860160 (result: 0), SymType: '-deferred-', PDB: '', fileVersion: 10.0.40219.325
C:\WINDOWS\SYSTEM32\MSVCP100.dll:MSVCP100.dll (0000000057A20000), size: 622592 (result: 0), SymType: '-deferred-', PDB: '', fileVersion: 10.0.40219.325
C:\Program Files\Unity\Hub\Editor\2020.3.0f1\Editor\embree.dll:embree.dll (00007FFDA1A60000), size: 16711680 (result: 0), SymType: '-deferred-', PDB: '', fileVersion: 2.14.0.0
C:\WINDOWS\SYSTEM32\MSWSOCK.DLL:MSWSOCK.DLL (00007FFE3C190000), size: 434176 (result: 0), SymType: '-deferred-', PDB: '', fileVersion: 10.0.19041.546
C:\Program Files\Unity\Hub\Editor\2020.3.0f1\Editor\OpenRL_pthread.dll:OpenRL_pthread.dll (000002647E270000), size: 61440 (result: 0), SymType: '-deferred-', PDB: '', fileVersion: 2.9.0.0
C:\WINDOWS\SYSTEM32\MSASN1.dll:MSASN1.dll (00007FFE3C590000), size: 73728 (result: 0), SymType: '-deferred-', PDB: '', fileVersion: 10.0.19041.546
C:\WINDOWS\SYSTEM32\kernel.appcore.dll:kernel.appcore.dll (00007FFE3A9D0000), size: 73728 (result: 0), SymType: '-deferred-', PDB: '', fileVersion: 10.0.19041.546
C:\WINDOWS\System32\bcryptPrimitives.dll:bcryptPrimitives.dll (00007FFE3CB10000), size: 524288 (result: 0), SymType: '-deferred-', PDB: '', fileVersion: 10.0.19041.662
C:\WINDOWS\system32\uxtheme.dll:uxtheme.dll (00007FFE3A4F0000), size: 647168 (result: 0), SymType: '-deferred-', PDB: '', fileVersion: 10.0.19041.746
C:\WINDOWS\System32\shcore.dll:shcore.dll (00007FFE3E610000), size: 712704 (result: 0), SymType: '-deferred-', PDB: '', fileVersion: 10.0.19041.746
C:\WINDOWS\SYSTEM32\windows.storage.dll:windows.storage.dll (00007FFE3ABD0000), size: 7929856 (result: 0), SymType: '-deferred-', PDB: '', fileVersion: 10.0.19041.844
C:\WINDOWS\SYSTEM32\Wldp.dll:Wldp.dll (00007FFE3C410000), size: 180224 (result: 0), SymType: '-deferred-', PDB: '', fileVersion: 10.0.19041.662
C:\WINDOWS\SYSTEM32\profapi.dll:profapi.dll (00007FFE3C9B0000), size: 126976 (result: 0), SymType: '-deferred-', PDB: '', fileVersion: 10.0.19041.844
C:\WINDOWS\System32\clbcatq.dll:clbcatq.dll (00007FFE3DFC0000), size: 692224 (result: 0), SymType: '-deferred-', PDB: '', fileVersion: 2001.12.10941.16384
C:\WINDOWS\System32\netprofm.dll:netprofm.dll (00007FFE37480000), size: 253952 (result: 0), SymType: '-deferred-', PDB: '', fileVersion: 10.0.19041.746
C:\WINDOWS\System32\npmproxy.dll:npmproxy.dll (00007FFE35BD0000), size: 65536 (result: 0), SymType: '-deferred-', PDB: '', fileVersion: 10.0.19041.746
C:\WINDOWS\System32\NSI.dll:NSI.dll (00007FFE3F170000), size: 32768 (result: 0), SymType: '-deferred-', PDB: '', fileVersion: 10.0.19041.610
C:\WINDOWS\SYSTEM32\dhcpcsvc6.DLL:dhcpcsvc6.DLL (00007FFE35E00000), size: 94208 (result: 0), SymType: '-deferred-', PDB: '', fileVersion: 10.0.19041.546
C:\WINDOWS\SYSTEM32\dhcpcsvc.DLL:dhcpcsvc.DLL (00007FFE35ED0000), size: 118784 (result: 0), SymType: '-deferred-', PDB: '', fileVersion: 10.0.19041.546
C:\WINDOWS\SYSTEM32\DNSAPI.dll:DNSAPI.dll (00007FFE3BEC0000), size: 831488 (result: 0), SymType: '-deferred-', PDB: '', fileVersion: 10.0.19041.746
C:\WINDOWS\System32\fwpuclnt.dll:fwpuclnt.dll (00007FFE2F0A0000), size: 520192 (result: 0), SymType: '-deferred-', PDB: '', fileVersion: 10.0.19041.844
C:\Windows\System32\rasadhlp.dll:rasadhlp.dll (00007FFE35FF0000), size: 40960 (result: 0), SymType: '-deferred-', PDB: '', fileVersion: 10.0.19041.546
C:\WINDOWS\SYSTEM32\d3d11.dll:d3d11.dll (00007FFE38DD0000), size: 2506752 (result: 0), SymType: '-deferred-', PDB: '', fileVersion: 10.0.19041.746
C:\WINDOWS\SYSTEM32\dxgi.dll:dxgi.dll (00007FFE3B3A0000), size: 995328 (result: 0), SymType: '-deferred-', PDB: '', fileVersion: 10.0.19041.746
C:\WINDOWS\System32\DriverStore\FileRepository\nvmdi.inf_amd64_c1f92232e461624f\nvldumdx.dll:nvldumdx.dll (00007FFE337F0000), size: 1069056 (result: 0), SymType: '-deferred-', PDB: '', fileVersion: 27.21.14.6172
C:\WINDOWS\SYSTEM32\cryptnet.dll:cryptnet.dll (00007FFE33950000), size: 200704 (result: 0), SymType: '-deferred-', PDB: '', fileVersion: 10.0.19041.546
C:\WINDOWS\System32\imagehlp.dll:imagehlp.dll (00007FFE3DED0000), size: 118784 (result: 0), SymType: '-deferred-', PDB: '', fileVersion: 10.0.19041.546
C:\WINDOWS\SYSTEM32\CRYPTSP.dll:CRYPTSP.dll (00007FFE3C370000), size: 98304 (result: 0), SymType: '-deferred-', PDB: '', fileVersion: 10.0.19041.546
C:\WINDOWS\system32\rsaenh.dll:rsaenh.dll (00007FFE3BB30000), size: 212992 (result: 0), SymType: '-deferred-', PDB: '', fileVersion: 10.0.19041.546
C:\WINDOWS\System32\DriverStore\FileRepository\nvmdi.inf_amd64_c1f92232e461624f\nvwgf2umx.dll:nvwgf2umx.dll (00007FFDE34D0000), size: 77422592 (result: 0), SymType: '-deferred-', PDB: '', fileVersion: 27.21.14.6172
C:\WINDOWS\system32\nvspcap64.dll:nvspcap64.dll (00007FFDD77E0000), size: 2854912 (result: 0), SymType: '-deferred-', PDB: '', fileVersion: 3.21.0.36
C:\WINDOWS\SYSTEM32\ntmarta.dll:ntmarta.dll (00007FFE3B7E0000), size: 208896 (result: 0), SymType: '-deferred-', PDB: '', fileVersion: 10.0.19041.546
C:\WINDOWS\SYSTEM32\dxcore.dll:dxcore.dll (00007FFE339A0000), size: 241664 (result: 0), SymType: '-deferred-', PDB: '', fileVersion: 10.0.19041.546
C:\WINDOWS\system32\wbem\wbemprox.dll:wbemprox.dll (00007FFE337D0000), size: 69632 (result: 0), SymType: '-deferred-', PDB: '', fileVersion: 10.0.19041.844
C:\WINDOWS\SYSTEM32\wbemcomn.dll:wbemcomn.dll (00007FFE312A0000), size: 606208 (result: 0), SymType: '-deferred-', PDB: '', fileVersion: 10.0.19041.844
C:\WINDOWS\system32\wbem\wbemsvc.dll:wbemsvc.dll (00007FFE32570000), size: 81920 (result: 0), SymType: '-deferred-', PDB: '', fileVersion: 10.0.19041.844
C:\WINDOWS\system32\wbem\fastprox.dll:fastprox.dll (00007FFE30570000), size: 1093632 (result: 0), SymType: '-deferred-', PDB: '', fileVersion: 10.0.19041.546
C:\WINDOWS\SYSTEM32\amsi.dll:amsi.dll (00007FFE30360000), size: 102400 (result: 0), SymType: '-deferred-', PDB: '', fileVersion: 10.0.19041.746
C:\WINDOWS\SYSTEM32\USERENV.dll:USERENV.dll (00007FFE3C930000), size: 188416 (result: 0), SymType: '-deferred-', PDB: '', fileVersion: 10.0.19041.572
C:\ProgramData\Microsoft\Windows Defender\Platform\4.18.2102.4-0\MpOav.dll:MpOav.dll (00007FFE302E0000), size: 503808 (result: 0), SymType: '-deferred-', PDB: '', fileVersion: 4.18.2102.4
C:\Program Files\Unity\Hub\Editor\2020.3.0f1\Editor\cudart64_90.dll:cudart64_90.dll (00007FFD95CD0000), size: 397312 (result: 0), SymType: '-deferred-', PDB: '', fileVersion: 6.14.11.9000
C:\WINDOWS\SYSTEM32\opencl.dll:opencl.dll (00007FFD95B60000), size: 1462272 (result: 0), SymType: '-deferred-', PDB: '', fileVersion: 2.2.8.0
C:\Program Files\Unity\Hub\Editor\2020.3.0f1\Editor\radeonrays.dll:radeonrays.dll (00007FFD95AD0000), size: 552960 (result: 0), SymType: '-deferred-', PDB: ''
C:\Program Files\Unity\Hub\Editor\2020.3.0f1\Editor\Data\MonoBleedingEdge\EmbedRuntime\mono-2.0-bdwgc.dll:mono-2.0-bdwgc.dll (00007FFD95360000), size: 7790592 (result: 0), SymType: '-deferred-', PDB: ''
C:\WINDOWS\System32\PSAPI.DLL:PSAPI.DLL (00007FFE3EE40000), size: 32768 (result: 0), SymType: '-deferred-', PDB: '', fileVersion: 10.0.19041.546
C:\ProgramData\Microsoft\VisualStudio\Setup\x64\Microsoft.VisualStudio.Setup.Configuration.Native.dll:Microsoft.VisualStudio.Setup.Configuration.Native.dll (00007FFD95310000), size: 327680 (result: 0), SymType: '-deferred-', PDB: '', fileVersion: 2.7.3111.17308
J:\LTS_Workplace\Quetzal\Library\PackageCache\com.unity.burst@1.4.1\.Runtime\burst-llvm-10.dll:burst-llvm-10.dll (00007FFD92F90000), size: 37199872 (result: 0), SymType: '-deferred-', PDB: ''
J:\LTS_Workplace\Quetzal\Library\BurstCache\JIT\d8d26797edf4172bea7055f7e60ad187.dll:d8d26797edf4172bea7055f7e60ad187.dll (00007FFE3A2C0000), size: 16384 (result: 0), SymType: '-deferred-', PDB: ''
J:\LTS_Workplace\Quetzal\Library\BurstCache\JIT\def46526ac90354dd254c0445afd2eb1.dll:def46526ac90354dd254c0445afd2eb1.dll (00007FFE38580000), size: 16384 (result: 0), SymType: '-deferred-', PDB: ''
C:\WINDOWS\SYSTEM32\PROPSYS.dll:PROPSYS.dll (00007FFE386D0000), size: 1011712 (result: 0), SymType: '-deferred-', PDB: '', fileVersion: 7.0.19041.867
C:\WINDOWS\WinSxS\amd64_microsoft.windows.common-controls_6595b64144ccf1df_6.0.19041.844_none_ca00b6081b84eb1d\comctl32.dll:comctl32.dll (00007FFE31000000), size: 2727936 (result: 0), SymType: '-deferred-', PDB: '', fileVersion: 6.10.19041.844
C:\WINDOWS\SYSTEM32\WindowsCodecs.dll:WindowsCodecs.dll (00007FFE34CF0000), size: 1785856 (result: 0), SymType: '-deferred-', PDB: '', fileVersion: 10.0.19041.867
C:\Windows\System32\thumbcache.dll:thumbcache.dll (00007FFE11FE0000), size: 417792 (result: 0), SymType: '-deferred-', PDB: '', fileVersion: 10.0.19041.746
C:\Windows\System32\MrmCoreR.dll:MrmCoreR.dll (00007FFE2F700000), size: 999424 (result: 0), SymType: '-deferred-', PDB: '', fileVersion: 10.0.19041.746
C:\Windows\System32\iertutil.dll:iertutil.dll (00007FFE23B60000), size: 2818048 (result: 0), SymType: '-deferred-', PDB: '', fileVersion: 11.0.19041.844
C:\WINDOWS\SYSTEM32\windows.staterepositorycore.dll:windows.staterepositorycore.dll (00007FFE2DE90000), size: 69632 (result: 0), SymType: '-deferred-', PDB: '', fileVersion: 10.0.19041.844
C:\WINDOWS\SYSTEM32\dbghelp.dll:dbghelp.dll (00007FFE27220000), size: 1982464 (result: 0), SymType: '-deferred-', PDB: '', fileVersion: 10.0.19041.867

========== OUTPUTTING STACK TRACE ==================

0x00007FFE3CBBD759 (KERNELBASE) RaiseException
0x00007FFD95376025 (mono-2.0-bdwgc) [c:\build\output\unity-technologies\mono\mono\utils\mono-log-common.c:142] mono_log_write_logfile 
0x00007FFD95364CC3 (mono-2.0-bdwgc) [c:\build\output\unity-technologies\mono\mono\eglib\goutput.c:141] monoeg_assertion_message 
0x00007FFD9556FE99 (mono-2.0-bdwgc) [c:\build\output\unity-technologies\mono\mono\mini\mini-generic-sharing.c:2534] fill_runtime_generic_context 
0x00007FFD95574861 (mono-2.0-bdwgc) [c:\build\output\unity-technologies\mono\mono\mini\mini-generic-sharing.c:2596] mono_class_fill_runtime_generic_context 
0x00007FFD9556BC82 (mono-2.0-bdwgc) [c:\build\output\unity-technologies\mono\mono\mini\mini-trampolines.c:1078] mono_rgctx_lazy_fetch_trampoline 
  ERROR: SymGetSymFromAddr64, GetLastError: 'Le module spécifié est introuvable.' (Address: 00000264736E08C3)
  ERROR: SymGetModuleInfo64, GetLastError: 'Une routine d’initialisation d’une bibliothèque de liens dynamiques (DLL) a échoué.' (Address: 00000264736E08C3)
0x00000264736E08C3 ((<unknown>)) (function-name not available)
0x000002665181362B (Mono JIT Code) System.Collections.ObjectModel.ReadOnlyCollection`1<T_REF>:GetEnumerator ()
0x000002664CE64023 (Mono JIT Code) [J:\LTS_Workplace\Quetzal\Library\PackageCache\com.unity.render-pipelines.core@10.3.2\Runtime\Volume\VolumeComponent.cs:115] UnityEngine.Rendering.VolumeComponent:OnDisable () 
0x00000266517E6FA0 (Mono JIT Code) (wrapper runtime-invoke) object:runtime_invoke_void__this__ (object,intptr,intptr,intptr)
0x00007FFD9548E480 (mono-2.0-bdwgc) [c:\build\output\unity-technologies\mono\mono\mini\mini-runtime.c:2812] mono_jit_runtime_invoke 
0x00007FFD95412902 (mono-2.0-bdwgc) [c:\build\output\unity-technologies\mono\mono\metadata\object.c:2921] do_runtime_invoke 
0x00007FFD9541B95F (mono-2.0-bdwgc) [c:\build\output\unity-technologies\mono\mono\metadata\object.c:2968] mono_runtime_invoke 
0x00007FF7B40E12A4 (Unity) scripting_method_invoke
0x00007FF7B40D9C25 (Unity) ScriptingInvocation::Invoke
0x00007FF7B40DA03E (Unity) ScriptingInvocation::InvokeChecked
0x00007FF7B4156B76 (Unity) SerializableManagedRef::CallMethod
0x00007FF7B40AB6C6 (Unity) MonoBehaviour::WillUnloadScriptableObject
0x00007FF7B40A597A (Unity) MonoManager::RemoveBehavioursFromManager
0x00007FF7B409C768 (Unity) MonoManager::BeginReloadAssembly
0x00007FF7B40A5765 (Unity) MonoManager::ReloadAssembly
0x00007FF7B54441E1 (Unity) LoadDomainAndUserAssemblies
0x00007FF7B544468E (Unity) LoadUserAssemblies
0x00007FF7B58770B8 (Unity) <lambda_79a3ebc38cb5166d44d10a16a21fca24>::operator()
0x00007FF7B5942132 (Unity) asio::detail::completion_handler<core::mutable_function<void __cdecl(void)> >::do_complete
0x00007FF7B5944290 (Unity) asio::detail::win_iocp_io_service::do_one
0x00007FF7B5947A1E (Unity) asio::io_service::run
0x00007FF7B58BDC10 (Unity) RunAssetImportWorkerClientV2
0x00007FF7B58BDC60 (Unity) RunAssetImporterV2
0x00007FF7B4DCFED6 (Unity) Application::InitializeProject
0x00007FF7B574A372 (Unity) WinMain
0x00007FF7B75BF436 (Unity) __scrt_common_main_seh
0x00007FFE3F247034 (KERNEL32) BaseThreadInitThunk
0x00007FFE3F382651 (ntdll) RtlUserThreadStart

========== END OF STACKTRACE ===========

A crash has been intercepted by the crash handler. For call stack and other details, see the latest crash report generated in:
 * C:/Users/Raph/AppData/Local/Temp/Unity/Editor/Crashes
